2020-11-12 07:51:40,314 [main] INFO  com.stackroute.userservice.UserMainClass -  - Starting UserMainClass on ip-172-31-39-185 with PID 6739 (/home/ubuntu/Desktop/team2-bookapp/user-service/target/classes started by ubuntu in /home/ubuntu/Desktop/team2-bookapp/user-service)
2020-11-12 07:51:40,320 [main] DEBUG com.stackroute.userservice.UserMainClass -  - Running with Spring Boot v2.3.5.RELEASE, Spring v5.2.10.RELEASE
2020-11-12 07:51:40,322 [main] INFO  com.stackroute.userservice.UserMainClass -  - No active profile set, falling back to default profiles: default
2020-11-12 07:51:41,032 [main] INFO  org.springframework.data.repository.config.RepositoryConfigurationDelegate -  - Bootstrapping Spring Data JPA repositories in DEFERRED mode.
2020-11-12 07:51:41,094 [main] INFO  org.springframework.data.repository.config.RepositoryConfigurationDelegate -  - Finished Spring Data repository scanning in 52ms. Found 1 JPA repository interfaces.
2020-11-12 07:51:41,505 [main] INFO  org.apache.catalina.core.StandardService -  - Starting service [Tomcat]
2020-11-12 07:51:41,505 [main] INFO  org.apache.catalina.core.StandardEngine -  - Starting Servlet engine: [Apache Tomcat/9.0.39]
2020-11-12 07:51:41,571 [main] INFO  org.apache.catalina.core.ContainerBase.[Tomcat].[localhost].[/] -  - Initializing Spring embedded WebApplicationContext
2020-11-12 07:51:41,743 [main] INFO  org.springframework.scheduling.concurrent.ThreadPoolTaskExecutor -  - Initializing ExecutorService 'applicationTaskExecutor'
2020-11-12 07:51:41,777 [task-1] INFO  org.hibernate.jpa.internal.util.LogHelper -  - HHH000204: Processing PersistenceUnitInfo [name: default]
2020-11-12 07:51:41,812 [main] WARN  org.springframework.boot.autoconfigure.orm.jpa.JpaBaseConfiguration$JpaWebConfiguration -  - spring.jpa.open-in-view is enabled by default. Therefore, database queries may be performed during view rendering. Explicitly configure spring.jpa.open-in-view to disable this warning
2020-11-12 07:51:41,833 [task-1] INFO  org.hibernate.Version -  - HHH000412: Hibernate ORM core version 5.4.22.Final
2020-11-12 07:51:41,979 [task-1] INFO  org.hibernate.annotations.common.Version -  - HCANN000001: Hibernate Commons Annotations {5.1.0.Final}
2020-11-12 07:51:42,065 [task-1] INFO  com.zaxxer.hikari.HikariDataSource -  - HikariPool-1 - Starting...
2020-11-12 07:51:42,344 [task-1] INFO  com.zaxxer.hikari.HikariDataSource -  - HikariPool-1 - Start completed.
2020-11-12 07:51:42,361 [task-1] INFO  org.hibernate.dialect.Dialect -  - HHH000400: Using dialect: org.hibernate.dialect.MySQL8Dialect
2020-11-12 07:51:42,452 [main] INFO  org.springframework.data.repository.config.DeferredRepositoryInitializationListener -  - Triggering deferred initialization of Spring Data repositories…
2020-11-12 07:51:42,859 [task-1] INFO  org.hibernate.engine.transaction.jta.platform.internal.JtaPlatformInitiator -  - HHH000490: Using JtaPlatform implementation: [org.hibernate.engine.transaction.jta.platform.internal.NoJtaPlatform]
2020-11-12 07:51:42,866 [task-1] INFO  org.springframework.orm.jpa.LocalContainerEntityManagerFactoryBean -  - Initialized JPA EntityManagerFactory for persistence unit 'default'
2020-11-12 07:51:43,053 [main] INFO  org.springframework.data.repository.config.DeferredRepositoryInitializationListener -  - Spring Data repositories initialized!
2020-11-12 07:51:43,064 [main] INFO  com.stackroute.userservice.UserMainClass -  - Started UserMainClass in 3.037 seconds (JVM running for 4.412)
2020-11-12 07:57:44,742 [http-nio-8086-exec-1] INFO  org.apache.catalina.core.ContainerBase.[Tomcat].[localhost].[/] -  - Initializing Spring DispatcherServlet 'dispatcherServlet'
2020-11-12 07:57:44,743 [http-nio-8086-exec-1] INFO  org.springframework.web.servlet.DispatcherServlet -  - Initializing Servlet 'dispatcherServlet'
2020-11-12 07:57:44,751 [http-nio-8086-exec-1] INFO  org.springframework.web.servlet.DispatcherServlet -  - Completed initialization in 8 ms
2020-11-12 07:57:44,857 [http-nio-8086-exec-1] INFO  com.stackroute.userservice.controller.UserController -  - Inside the register user try block
2020-11-12 07:57:45,175 [http-nio-8086-exec-1] INFO  com.stackroute.userservice.controller.UserController -  - User has been registered.
2020-11-12 07:59:54,497 [http-nio-8086-exec-1] ERROR com.stackroute.userservice.controller.UserController -  - Couldn't connect to host, port: smtp.gmail.com, 587; timeout -1
2020-11-12 07:59:54,497 [http-nio-8086-exec-1] INFO  com.stackroute.userservice.controller.UserController -  - Email has been sent to registered user.
2020-11-12 09:36:10,242 [SpringContextShutdownHook] INFO  org.springframework.orm.jpa.LocalContainerEntityManagerFactoryBean -  - Closing JPA EntityManagerFactory for persistence unit 'default'
2020-11-12 09:36:10,246 [SpringContextShutdownHook] INFO  org.springframework.scheduling.concurrent.ThreadPoolTaskExecutor -  - Shutting down ExecutorService 'applicationTaskExecutor'
2020-11-12 09:36:10,248 [SpringContextShutdownHook] INFO  com.zaxxer.hikari.HikariDataSource -  - HikariPool-1 - Shutdown initiated...
2020-11-12 09:36:10,267 [SpringContextShutdownHook] INFO  com.zaxxer.hikari.HikariDataSource -  - HikariPool-1 - Shutdown completed.
