2020-11-11 18:02:13,459 [main] INFO  com.stackroute.userservice.UserMainClass -  - Starting UserMainClass on ip-172-31-32-40 with PID 5529 (/home/ubuntu/Desktop/project/team2-bookapp/user-service/target/classes started by ubuntu in /home/ubuntu/Desktop/project/team2-bookapp/user-service)
2020-11-11 18:02:13,467 [main] DEBUG com.stackroute.userservice.UserMainClass -  - Running with Spring Boot v2.3.5.RELEASE, Spring v5.2.10.RELEASE
2020-11-11 18:02:13,473 [main] INFO  com.stackroute.userservice.UserMainClass -  - No active profile set, falling back to default profiles: default
2020-11-11 18:02:14,761 [main] INFO  org.springframework.data.repository.config.RepositoryConfigurationDelegate -  - Bootstrapping Spring Data JPA repositories in DEFERRED mode.
2020-11-11 18:02:14,810 [main] INFO  org.springframework.data.repository.config.RepositoryConfigurationDelegate -  - Finished Spring Data repository scanning in 39ms. Found 1 JPA repository interfaces.
2020-11-11 18:02:15,920 [main] INFO  org.apache.catalina.core.StandardService -  - Starting service [Tomcat]
2020-11-11 18:02:15,921 [main] INFO  org.apache.catalina.core.StandardEngine -  - Starting Servlet engine: [Apache Tomcat/9.0.39]
2020-11-11 18:02:16,027 [main] INFO  org.apache.catalina.core.ContainerBase.[Tomcat].[localhost].[/] -  - Initializing Spring embedded WebApplicationContext
2020-11-11 18:02:16,252 [main] INFO  org.springframework.scheduling.concurrent.ThreadPoolTaskExecutor -  - Initializing ExecutorService 'applicationTaskExecutor'
2020-11-11 18:02:16,293 [task-1] INFO  org.hibernate.jpa.internal.util.LogHelper -  - HHH000204: Processing PersistenceUnitInfo [name: default]
2020-11-11 18:02:16,327 [main] WARN  org.springframework.boot.autoconfigure.orm.jpa.JpaBaseConfiguration$JpaWebConfiguration -  - spring.jpa.open-in-view is enabled by default. Therefore, database queries may be performed during view rendering. Explicitly configure spring.jpa.open-in-view to disable this warning
2020-11-11 18:02:16,356 [task-1] INFO  org.hibernate.Version -  - HHH000412: Hibernate ORM core version 5.4.22.Final
2020-11-11 18:02:16,495 [task-1] INFO  org.hibernate.annotations.common.Version -  - HCANN000001: Hibernate Commons Annotations {5.1.0.Final}
2020-11-11 18:02:16,664 [task-1] INFO  com.zaxxer.hikari.HikariDataSource -  - HikariPool-1 - Starting...
2020-11-11 18:02:16,885 [main] INFO  org.springframework.data.repository.config.DeferredRepositoryInitializationListener -  - Triggering deferred initialization of Spring Data repositories…
2020-11-11 18:02:16,980 [task-1] INFO  com.zaxxer.hikari.HikariDataSource -  - HikariPool-1 - Start completed.
2020-11-11 18:02:16,992 [task-1] INFO  org.hibernate.dialect.Dialect -  - HHH000400: Using dialect: org.hibernate.dialect.MySQL8Dialect
2020-11-11 18:02:17,548 [task-1] INFO  org.hibernate.engine.transaction.jta.platform.internal.JtaPlatformInitiator -  - HHH000490: Using JtaPlatform implementation: [org.hibernate.engine.transaction.jta.platform.internal.NoJtaPlatform]
2020-11-11 18:02:17,558 [task-1] INFO  org.springframework.orm.jpa.LocalContainerEntityManagerFactoryBean -  - Initialized JPA EntityManagerFactory for persistence unit 'default'
2020-11-11 18:02:17,814 [main] INFO  org.springframework.data.repository.config.DeferredRepositoryInitializationListener -  - Spring Data repositories initialized!
2020-11-11 18:02:17,824 [main] INFO  com.stackroute.userservice.UserMainClass -  - Started UserMainClass in 4.754 seconds (JVM running for 5.906)
2020-11-11 18:04:01,298 [http-nio-8086-exec-2] INFO  org.apache.catalina.core.ContainerBase.[Tomcat].[localhost].[/] -  - Initializing Spring DispatcherServlet 'dispatcherServlet'
2020-11-11 18:04:01,300 [http-nio-8086-exec-2] INFO  org.springframework.web.servlet.DispatcherServlet -  - Initializing Servlet 'dispatcherServlet'
2020-11-11 18:04:01,308 [http-nio-8086-exec-2] INFO  org.springframework.web.servlet.DispatcherServlet -  - Completed initialization in 7 ms
2020-11-11 18:04:01,439 [http-nio-8086-exec-3] INFO  com.stackroute.userservice.controller.UserController -  - Inside the register user try block
2020-11-11 18:04:01,657 [http-nio-8086-exec-3] INFO  com.stackroute.userservice.controller.UserController -  - User has been registered.
2020-11-11 18:06:12,332 [http-nio-8086-exec-3] ERROR com.stackroute.userservice.controller.UserController -  - Couldn't connect to host, port: smtp.gmail.com, 587; timeout -1
2020-11-11 18:06:12,332 [http-nio-8086-exec-3] INFO  com.stackroute.userservice.controller.UserController -  - Email has been sent to registered user.
2020-11-11 18:13:58,531 [main] INFO  com.stackroute.userservice.UserMainClass -  - Starting UserMainClass on ip-172-31-32-40 with PID 7438 (/home/ubuntu/Desktop/team2-bookapp/user-service/target/classes started by ubuntu in /home/ubuntu/Desktop/team2-bookapp/user-service)
2020-11-11 18:13:58,534 [main] DEBUG com.stackroute.userservice.UserMainClass -  - Running with Spring Boot v2.3.5.RELEASE, Spring v5.2.10.RELEASE
2020-11-11 18:13:58,537 [main] INFO  com.stackroute.userservice.UserMainClass -  - No active profile set, falling back to default profiles: default
2020-11-11 18:13:59,220 [main] INFO  org.springframework.data.repository.config.RepositoryConfigurationDelegate -  - Bootstrapping Spring Data JPA repositories in DEFERRED mode.
2020-11-11 18:13:59,285 [main] INFO  org.springframework.data.repository.config.RepositoryConfigurationDelegate -  - Finished Spring Data repository scanning in 57ms. Found 1 JPA repository interfaces.
2020-11-11 18:13:59,680 [main] INFO  org.apache.catalina.core.StandardService -  - Starting service [Tomcat]
2020-11-11 18:13:59,681 [main] INFO  org.apache.catalina.core.StandardEngine -  - Starting Servlet engine: [Apache Tomcat/9.0.39]
2020-11-11 18:13:59,746 [main] INFO  org.apache.catalina.core.ContainerBase.[Tomcat].[localhost].[/] -  - Initializing Spring embedded WebApplicationContext
2020-11-11 18:13:59,906 [main] INFO  org.springframework.scheduling.concurrent.ThreadPoolTaskExecutor -  - Initializing ExecutorService 'applicationTaskExecutor'
2020-11-11 18:13:59,943 [task-1] INFO  org.hibernate.jpa.internal.util.LogHelper -  - HHH000204: Processing PersistenceUnitInfo [name: default]
2020-11-11 18:13:59,985 [task-1] INFO  org.hibernate.Version -  - HHH000412: Hibernate ORM core version 5.4.22.Final
2020-11-11 18:13:59,990 [main] WARN  org.springframework.boot.autoconfigure.orm.jpa.JpaBaseConfiguration$JpaWebConfiguration -  - spring.jpa.open-in-view is enabled by default. Therefore, database queries may be performed during view rendering. Explicitly configure spring.jpa.open-in-view to disable this warning
2020-11-11 18:14:00,140 [task-1] INFO  org.hibernate.annotations.common.Version -  - HCANN000001: Hibernate Commons Annotations {5.1.0.Final}
2020-11-11 18:14:00,234 [task-1] INFO  com.zaxxer.hikari.HikariDataSource -  - HikariPool-1 - Starting...
2020-11-11 18:14:00,671 [task-1] INFO  com.zaxxer.hikari.HikariDataSource -  - HikariPool-1 - Start completed.
2020-11-11 18:14:00,697 [task-1] INFO  org.hibernate.dialect.Dialect -  - HHH000400: Using dialect: org.hibernate.dialect.MySQL8Dialect
2020-11-11 18:14:00,933 [main] INFO  org.springframework.data.repository.config.DeferredRepositoryInitializationListener -  - Triggering deferred initialization of Spring Data repositories…
2020-11-11 18:14:01,405 [task-1] INFO  org.hibernate.engine.transaction.jta.platform.internal.JtaPlatformInitiator -  - HHH000490: Using JtaPlatform implementation: [org.hibernate.engine.transaction.jta.platform.internal.NoJtaPlatform]
2020-11-11 18:14:01,412 [task-1] INFO  org.springframework.orm.jpa.LocalContainerEntityManagerFactoryBean -  - Initialized JPA EntityManagerFactory for persistence unit 'default'
2020-11-11 18:14:01,594 [main] INFO  org.springframework.data.repository.config.DeferredRepositoryInitializationListener -  - Spring Data repositories initialized!
2020-11-11 18:14:01,607 [main] INFO  com.stackroute.userservice.UserMainClass -  - Started UserMainClass in 3.578 seconds (JVM running for 4.777)
