2020-11-23 03:48:31,283 [main] INFO  com.stackroute.authenticationservice.LoginMainClass -  - Starting LoginMainClass on ip-172-31-32-40 with PID 7764 (/home/ubuntu/Desktop/team2-bookapp/authentication-service/target/classes started by ubuntu in /home/ubuntu/Desktop/team2-bookapp/authentication-service)
2020-11-23 03:48:31,296 [main] INFO  com.stackroute.authenticationservice.LoginMainClass -  - No active profile set, falling back to default profiles: default
2020-11-23 03:48:32,108 [main] INFO  org.springframework.data.repository.config.RepositoryConfigurationDelegate -  - Bootstrapping Spring Data JPA repositories in DEFERRED mode.
2020-11-23 03:48:32,166 [main] INFO  org.springframework.data.repository.config.RepositoryConfigurationDelegate -  - Finished Spring Data repository scanning in 50ms. Found 1 JPA repository interfaces.
2020-11-23 03:48:32,597 [main] INFO  org.apache.catalina.core.StandardService -  - Starting service [Tomcat]
2020-11-23 03:48:32,597 [main] INFO  org.apache.catalina.core.StandardEngine -  - Starting Servlet engine: [Apache Tomcat/9.0.39]
2020-11-23 03:48:32,664 [main] INFO  org.apache.catalina.core.ContainerBase.[Tomcat].[localhost].[/] -  - Initializing Spring embedded WebApplicationContext
2020-11-23 03:48:32,840 [main] INFO  org.springframework.scheduling.concurrent.ThreadPoolTaskExecutor -  - Initializing ExecutorService 'applicationTaskExecutor'
2020-11-23 03:48:32,906 [task-1] INFO  org.hibernate.jpa.internal.util.LogHelper -  - HHH000204: Processing PersistenceUnitInfo [name: default]
2020-11-23 03:48:32,962 [main] WARN  org.springframework.boot.autoconfigure.orm.jpa.JpaBaseConfiguration$JpaWebConfiguration -  - spring.jpa.open-in-view is enabled by default. Therefore, database queries may be performed during view rendering. Explicitly configure spring.jpa.open-in-view to disable this warning
2020-11-23 03:48:32,993 [task-1] INFO  org.hibernate.Version -  - HHH000412: Hibernate ORM core version 5.4.22.Final
2020-11-23 03:48:33,289 [task-1] INFO  org.hibernate.annotations.common.Version -  - HCANN000001: Hibernate Commons Annotations {5.1.0.Final}
2020-11-23 03:48:33,465 [task-1] INFO  com.zaxxer.hikari.HikariDataSource -  - HikariPool-1 - Starting...
2020-11-23 03:48:33,831 [task-1] INFO  com.zaxxer.hikari.HikariDataSource -  - HikariPool-1 - Start completed.
2020-11-23 03:48:33,856 [task-1] INFO  org.hibernate.dialect.Dialect -  - HHH000400: Using dialect: org.hibernate.dialect.MySQL8Dialect
2020-11-23 03:48:33,967 [main] INFO  org.springframework.data.repository.config.DeferredRepositoryInitializationListener -  - Triggering deferred initialization of Spring Data repositories…
2020-11-23 03:48:34,552 [task-1] INFO  org.hibernate.engine.transaction.jta.platform.internal.JtaPlatformInitiator -  - HHH000490: Using JtaPlatform implementation: [org.hibernate.engine.transaction.jta.platform.internal.NoJtaPlatform]
2020-11-23 03:48:34,559 [task-1] INFO  org.springframework.orm.jpa.LocalContainerEntityManagerFactoryBean -  - Initialized JPA EntityManagerFactory for persistence unit 'default'
2020-11-23 03:48:34,749 [main] INFO  org.springframework.data.repository.config.DeferredRepositoryInitializationListener -  - Spring Data repositories initialized!
2020-11-23 03:48:34,757 [main] INFO  com.stackroute.authenticationservice.LoginMainClass -  - Started LoginMainClass in 3.831 seconds (JVM running for 4.929)
2020-11-23 03:51:04,520 [http-nio-8082-exec-1] INFO  org.apache.catalina.core.ContainerBase.[Tomcat].[localhost].[/] -  - Initializing Spring DispatcherServlet 'dispatcherServlet'
2020-11-23 03:51:04,520 [http-nio-8082-exec-1] INFO  org.springframework.web.servlet.DispatcherServlet -  - Initializing Servlet 'dispatcherServlet'
2020-11-23 03:51:04,527 [http-nio-8082-exec-1] INFO  org.springframework.web.servlet.DispatcherServlet -  - Completed initialization in 7 ms
2020-11-23 03:51:04,617 [http-nio-8082-exec-1] INFO  com.stackroute.authenticationservice.controller.LoginController -  - Inside the logIn user block
2020-11-23 03:51:04,617 [http-nio-8082-exec-2] INFO  com.stackroute.authenticationservice.controller.LoginController -  - Inside the logIn user block
2020-11-23 03:51:04,935 [http-nio-8082-exec-2] INFO  com.stackroute.authenticationservice.controller.LoginController -  - The user has been logged in
2020-11-23 03:51:04,956 [http-nio-8082-exec-1] INFO  com.stackroute.authenticationservice.controller.LoginController -  - The user has been logged in
2020-11-23 04:36:45,296 [http-nio-8082-exec-7] INFO  com.stackroute.authenticationservice.controller.LoginController -  - Inside the logIn user block
2020-11-23 04:36:45,300 [http-nio-8082-exec-6] INFO  com.stackroute.authenticationservice.controller.LoginController -  - Inside the logIn user block
2020-11-23 04:36:45,491 [http-nio-8082-exec-7] INFO  com.stackroute.authenticationservice.controller.LoginController -  - The user has been logged in
2020-11-23 04:36:45,530 [http-nio-8082-exec-6] INFO  com.stackroute.authenticationservice.controller.LoginController -  - The user has been logged in
2020-11-23 05:30:38,190 [http-nio-8082-exec-2] INFO  com.stackroute.authenticationservice.controller.LoginController -  - Inside the logIn user block
2020-11-23 05:30:38,190 [http-nio-8082-exec-1] INFO  com.stackroute.authenticationservice.controller.LoginController -  - Inside the logIn user block
2020-11-23 05:30:38,388 [http-nio-8082-exec-1] INFO  com.stackroute.authenticationservice.controller.LoginController -  - The user has been logged in
2020-11-23 05:30:38,445 [http-nio-8082-exec-2] INFO  com.stackroute.authenticationservice.controller.LoginController -  - The user has been logged in
2020-11-23 06:25:24,924 [http-nio-8082-exec-7] INFO  com.stackroute.authenticationservice.controller.LoginController -  - Inside the logIn user block
2020-11-23 06:25:24,932 [http-nio-8082-exec-6] INFO  com.stackroute.authenticationservice.controller.LoginController -  - Inside the logIn user block
2020-11-23 06:25:25,147 [http-nio-8082-exec-6] INFO  com.stackroute.authenticationservice.controller.LoginController -  - The user has been logged in
2020-11-23 06:25:25,167 [http-nio-8082-exec-7] INFO  com.stackroute.authenticationservice.controller.LoginController -  - The user has been logged in
2020-11-23 07:23:10,011 [SpringContextShutdownHook] INFO  org.springframework.orm.jpa.LocalContainerEntityManagerFactoryBean -  - Closing JPA EntityManagerFactory for persistence unit 'default'
2020-11-23 07:23:10,025 [SpringContextShutdownHook] INFO  org.springframework.scheduling.concurrent.ThreadPoolTaskExecutor -  - Shutting down ExecutorService 'applicationTaskExecutor'
2020-11-23 07:23:10,026 [SpringContextShutdownHook] INFO  com.zaxxer.hikari.HikariDataSource -  - HikariPool-1 - Shutdown initiated...
2020-11-23 07:23:10,108 [SpringContextShutdownHook] INFO  com.zaxxer.hikari.HikariDataSource -  - HikariPool-1 - Shutdown completed.
