2020-11-19 19:22:23,123 [main] INFO  com.stackroute.authenticationservice.LoginMainClass -  - Starting LoginMainClass on ip-172-31-32-40 with PID 12170 (/home/ubuntu/Desktop/team2-bookapp/authentication-service/target/classes started by ubuntu in /home/ubuntu/Desktop/team2-bookapp/authentication-service)
2020-11-19 19:22:23,151 [main] INFO  com.stackroute.authenticationservice.LoginMainClass -  - No active profile set, falling back to default profiles: default
2020-11-19 19:22:23,811 [main] INFO  org.springframework.data.repository.config.RepositoryConfigurationDelegate -  - Bootstrapping Spring Data JPA repositories in DEFERRED mode.
2020-11-19 19:22:23,867 [main] INFO  org.springframework.data.repository.config.RepositoryConfigurationDelegate -  - Finished Spring Data repository scanning in 48ms. Found 1 JPA repository interfaces.
2020-11-19 19:22:24,344 [main] INFO  org.apache.catalina.core.StandardService -  - Starting service [Tomcat]
2020-11-19 19:22:24,345 [main] INFO  org.apache.catalina.core.StandardEngine -  - Starting Servlet engine: [Apache Tomcat/9.0.39]
2020-11-19 19:22:24,516 [main] INFO  org.apache.catalina.core.ContainerBase.[Tomcat].[localhost].[/] -  - Initializing Spring embedded WebApplicationContext
2020-11-19 19:22:24,705 [main] INFO  org.springframework.scheduling.concurrent.ThreadPoolTaskExecutor -  - Initializing ExecutorService 'applicationTaskExecutor'
2020-11-19 19:22:24,758 [task-1] INFO  org.hibernate.jpa.internal.util.LogHelper -  - HHH000204: Processing PersistenceUnitInfo [name: default]
2020-11-19 19:22:24,826 [main] WARN  org.springframework.boot.autoconfigure.orm.jpa.JpaBaseConfiguration$JpaWebConfiguration -  - spring.jpa.open-in-view is enabled by default. Therefore, database queries may be performed during view rendering. Explicitly configure spring.jpa.open-in-view to disable this warning
2020-11-19 19:22:24,843 [task-1] INFO  org.hibernate.Version -  - HHH000412: Hibernate ORM core version 5.4.22.Final
2020-11-19 19:22:24,971 [task-1] INFO  org.hibernate.annotations.common.Version -  - HCANN000001: Hibernate Commons Annotations {5.1.0.Final}
2020-11-19 19:22:25,136 [task-1] INFO  com.zaxxer.hikari.HikariDataSource -  - HikariPool-1 - Starting...
2020-11-19 19:22:25,418 [main] INFO  org.springframework.data.repository.config.DeferredRepositoryInitializationListener -  - Triggering deferred initialization of Spring Data repositories…
2020-11-19 19:22:25,447 [task-1] INFO  com.zaxxer.hikari.HikariDataSource -  - HikariPool-1 - Start completed.
2020-11-19 19:22:25,465 [task-1] INFO  org.hibernate.dialect.Dialect -  - HHH000400: Using dialect: org.hibernate.dialect.MySQL8Dialect
2020-11-19 19:22:26,074 [task-1] INFO  org.hibernate.engine.transaction.jta.platform.internal.JtaPlatformInitiator -  - HHH000490: Using JtaPlatform implementation: [org.hibernate.engine.transaction.jta.platform.internal.NoJtaPlatform]
2020-11-19 19:22:26,080 [task-1] INFO  org.springframework.orm.jpa.LocalContainerEntityManagerFactoryBean -  - Initialized JPA EntityManagerFactory for persistence unit 'default'
2020-11-19 19:22:26,317 [main] INFO  org.springframework.data.repository.config.DeferredRepositoryInitializationListener -  - Spring Data repositories initialized!
2020-11-19 19:22:26,328 [main] INFO  com.stackroute.authenticationservice.LoginMainClass -  - Started LoginMainClass in 3.568 seconds (JVM running for 4.408)
2020-11-19 19:23:19,719 [http-nio-8082-exec-2] INFO  org.apache.catalina.core.ContainerBase.[Tomcat].[localhost].[/] -  - Initializing Spring DispatcherServlet 'dispatcherServlet'
2020-11-19 19:23:19,720 [http-nio-8082-exec-2] INFO  org.springframework.web.servlet.DispatcherServlet -  - Initializing Servlet 'dispatcherServlet'
2020-11-19 19:23:19,728 [http-nio-8082-exec-2] INFO  org.springframework.web.servlet.DispatcherServlet -  - Completed initialization in 7 ms
2020-11-19 19:23:19,827 [http-nio-8082-exec-2] INFO  com.stackroute.authenticationservice.controller.LoginController -  - Inside the logIn user block
2020-11-19 19:23:19,834 [http-nio-8082-exec-1] INFO  com.stackroute.authenticationservice.controller.LoginController -  - Inside the logIn user block
2020-11-19 19:23:20,319 [http-nio-8082-exec-1] INFO  com.stackroute.authenticationservice.controller.LoginController -  - The user has been logged in
2020-11-19 19:23:20,319 [http-nio-8082-exec-2] INFO  com.stackroute.authenticationservice.controller.LoginController -  - The user has been logged in
2020-11-19 20:06:09,241 [SpringContextShutdownHook] INFO  org.springframework.orm.jpa.LocalContainerEntityManagerFactoryBean -  - Closing JPA EntityManagerFactory for persistence unit 'default'
2020-11-19 20:06:09,253 [SpringContextShutdownHook] INFO  org.springframework.scheduling.concurrent.ThreadPoolTaskExecutor -  - Shutting down ExecutorService 'applicationTaskExecutor'
2020-11-19 20:06:09,254 [SpringContextShutdownHook] INFO  com.zaxxer.hikari.HikariDataSource -  - HikariPool-1 - Shutdown initiated...
2020-11-19 20:06:09,341 [SpringContextShutdownHook] INFO  com.zaxxer.hikari.HikariDataSource -  - HikariPool-1 - Shutdown completed.
