2020-11-23 03:48:48,144 [main] INFO  com.stackroute.favouriteservice.FavouritesMainClass -  - No active profile set, falling back to default profiles: default
2020-11-23 03:48:48,841 [main] INFO  org.springframework.data.repository.config.RepositoryConfigurationDelegate -  - Multiple Spring Data modules found, entering strict repository configuration mode!
2020-11-23 03:48:48,843 [main] INFO  org.springframework.data.repository.config.RepositoryConfigurationDelegate -  - Bootstrapping Spring Data JPA repositories in DEFERRED mode.
2020-11-23 03:48:48,875 [main] INFO  org.springframework.data.repository.config.RepositoryConfigurationExtensionSupport -  - Spring Data JPA - Could not safely identify store assignment for repository candidate interface com.stackroute.favouriteservice.repository.FavouritesRepository. If you want this repository to be a JPA repository, consider annotating your entities with one of these annotations: javax.persistence.Entity, javax.persistence.MappedSuperclass (preferred), or consider extending one of the following types with your repository: org.springframework.data.jpa.repository.JpaRepository.
2020-11-23 03:48:48,923 [main] INFO  org.springframework.data.repository.config.RepositoryConfigurationDelegate -  - Finished Spring Data repository scanning in 75ms. Found 1 JPA repository interfaces.
2020-11-23 03:48:48,965 [main] INFO  org.springframework.data.repository.config.RepositoryConfigurationDelegate -  - Multiple Spring Data modules found, entering strict repository configuration mode!
2020-11-23 03:48:48,966 [main] INFO  org.springframework.data.repository.config.RepositoryConfigurationDelegate -  - Bootstrapping Spring Data MongoDB repositories in DEFAULT mode.
2020-11-23 03:48:48,971 [main] INFO  org.springframework.data.repository.config.RepositoryConfigurationExtensionSupport -  - Spring Data MongoDB - Could not safely identify store assignment for repository candidate interface com.stackroute.favouriteservice.repository.UserRepository. If you want this repository to be a MongoDB repository, consider annotating your entities with one of these annotations: org.springframework.data.mongodb.core.mapping.Document (preferred), or consider extending one of the following types with your repository: org.springframework.data.mongodb.repository.MongoRepository.
2020-11-23 03:48:48,975 [main] INFO  org.springframework.data.repository.config.RepositoryConfigurationDelegate -  - Finished Spring Data repository scanning in 8ms. Found 1 MongoDB repository interfaces.
2020-11-23 03:48:49,279 [main] INFO  org.springframework.cloud.context.scope.GenericScope -  - BeanFactory id=b0009554-c307-3a35-88ca-b8f880060a1e
2020-11-23 03:48:49,606 [main] INFO  org.apache.catalina.core.StandardService -  - Starting service [Tomcat]
2020-11-23 03:48:49,607 [main] INFO  org.apache.catalina.core.StandardEngine -  - Starting Servlet engine: [Apache Tomcat/9.0.39]
2020-11-23 03:48:49,716 [main] INFO  org.apache.catalina.core.ContainerBase.[Tomcat].[localhost].[/] -  - Initializing Spring embedded WebApplicationContext
2020-11-23 03:48:49,858 [main] INFO  org.springframework.scheduling.concurrent.ThreadPoolTaskExecutor -  - Initializing ExecutorService 'applicationTaskExecutor'
2020-11-23 03:48:49,912 [task-1] INFO  org.hibernate.jpa.internal.util.LogHelper -  - HHH000204: Processing PersistenceUnitInfo [name: default]
2020-11-23 03:48:50,003 [task-1] INFO  org.hibernate.Version -  - HHH000412: Hibernate ORM core version 5.4.22.Final
2020-11-23 03:48:50,399 [task-1] INFO  org.hibernate.annotations.common.Version -  - HCANN000001: Hibernate Commons Annotations {5.1.0.Final}
2020-11-23 03:48:50,596 [main] INFO  org.mongodb.driver.cluster -  - Cluster created with settings {hosts=[localhost:27017], mode=SINGLE, requiredClusterType=UNKNOWN, serverSelectionTimeout='30000 ms'}
2020-11-23 03:48:50,672 [task-1] INFO  com.zaxxer.hikari.HikariDataSource -  - HikariPool-1 - Starting...
2020-11-23 03:48:50,728 [cluster-ClusterId{value='5fbb3122295b535ac17ba3ef', description='null'}-localhost:27017] INFO  org.mongodb.driver.connection -  - Opened connection [connectionId{localValue:1, serverValue:6}] to localhost:27017
2020-11-23 03:48:50,732 [cluster-ClusterId{value='5fbb3122295b535ac17ba3ef', description='null'}-localhost:27017] INFO  org.mongodb.driver.cluster -  - Monitor thread successfully connected to server with description ServerDescription{address=localhost:27017, type=STANDALONE, state=CONNECTED, ok=true, minWireVersion=0, maxWireVersion=8, maxDocumentSize=16777216, logicalSessionTimeoutMinutes=30, roundTripTimeNanos=2643592}
2020-11-23 03:48:50,963 [main] WARN  org.springframework.data.convert.CustomConversions -  - Registering converter from class java.time.LocalDateTime to class org.joda.time.LocalDateTime as reading converter although it doesn't convert from a store-supported type! You might want to check your annotation setup at the converter implementation.
2020-11-23 03:48:51,017 [task-1] INFO  com.zaxxer.hikari.HikariDataSource -  - HikariPool-1 - Start completed.
2020-11-23 03:48:51,034 [task-1] INFO  org.hibernate.dialect.Dialect -  - HHH000400: Using dialect: org.hibernate.dialect.MySQL8Dialect
2020-11-23 03:48:51,220 [main] WARN  org.springframework.data.convert.CustomConversions -  - Registering converter from class java.time.LocalDateTime to class org.joda.time.LocalDateTime as reading converter although it doesn't convert from a store-supported type! You might want to check your annotation setup at the converter implementation.
2020-11-23 03:48:51,746 [main] WARN  com.netflix.config.sources.URLConfigurationSource -  - No URLs will be polled as dynamic configuration sources.
2020-11-23 03:48:51,748 [main] INFO  com.netflix.config.sources.URLConfigurationSource -  - To enable URLs as dynamic configuration sources, define System property archaius.configurationSource.additionalUrls or make config.properties available on classpath.
2020-11-23 03:48:51,773 [main] WARN  com.netflix.config.sources.URLConfigurationSource -  - No URLs will be polled as dynamic configuration sources.
2020-11-23 03:48:51,774 [main] INFO  com.netflix.config.sources.URLConfigurationSource -  - To enable URLs as dynamic configuration sources, define System property archaius.configurationSource.additionalUrls or make config.properties available on classpath.
2020-11-23 03:48:51,890 [main] WARN  org.springframework.boot.autoconfigure.orm.jpa.JpaBaseConfiguration$JpaWebConfiguration -  - spring.jpa.open-in-view is enabled by default. Therefore, database queries may be performed during view rendering. Explicitly configure spring.jpa.open-in-view to disable this warning
2020-11-23 03:48:51,912 [task-1] INFO  org.hibernate.engine.transaction.jta.platform.internal.JtaPlatformInitiator -  - HHH000490: Using JtaPlatform implementation: [org.hibernate.engine.transaction.jta.platform.internal.NoJtaPlatform]
2020-11-23 03:48:51,925 [task-1] INFO  org.springframework.orm.jpa.LocalContainerEntityManagerFactoryBean -  - Initialized JPA EntityManagerFactory for persistence unit 'default'
2020-11-23 03:48:52,278 [main] INFO  org.springframework.cloud.netflix.eureka.config.DiscoveryClientOptionalArgsConfiguration -  - Eureka HTTP Client uses Jersey
2020-11-23 03:48:52,354 [main] WARN  org.springframework.cloud.loadbalancer.config.BlockingLoadBalancerClientAutoConfiguration$BlockingLoadBalancerClientRibbonWarnLogger -  - You already have RibbonLoadBalancerClient on your classpath. It will be used by default. As Spring Cloud Ribbon is in maintenance mode. We recommend switching to BlockingLoadBalancerClient instead. In order to use it, set the value of `spring.cloud.loadbalancer.ribbon.enabled` to `false` or remove spring-cloud-starter-netflix-ribbon from your project.
2020-11-23 03:48:52,456 [main] INFO  org.springframework.cloud.netflix.eureka.InstanceInfoFactory -  - Setting initial instance status as: STARTING
2020-11-23 03:48:52,503 [main] INFO  com.netflix.discovery.DiscoveryClient -  - Initializing Eureka in region us-east-1
2020-11-23 03:48:52,813 [main] INFO  com.netflix.discovery.provider.DiscoveryJerseyProvider -  - Using JSON encoding codec LegacyJacksonJson
2020-11-23 03:48:52,814 [main] INFO  com.netflix.discovery.provider.DiscoveryJerseyProvider -  - Using JSON decoding codec LegacyJacksonJson
2020-11-23 03:48:52,975 [main] INFO  com.netflix.discovery.provider.DiscoveryJerseyProvider -  - Using XML encoding codec XStreamXml
2020-11-23 03:48:52,976 [main] INFO  com.netflix.discovery.provider.DiscoveryJerseyProvider -  - Using XML decoding codec XStreamXml
2020-11-23 03:48:53,161 [main] INFO  com.netflix.discovery.shared.resolver.aws.ConfigClusterResolver -  - Resolving eureka endpoints via configuration
2020-11-23 03:48:53,193 [main] INFO  com.netflix.discovery.DiscoveryClient -  - Disable delta property : false
2020-11-23 03:48:53,193 [main] INFO  com.netflix.discovery.DiscoveryClient -  - Single vip registry refresh property : null
2020-11-23 03:48:53,193 [main] INFO  com.netflix.discovery.DiscoveryClient -  - Force full registry fetch : false
2020-11-23 03:48:53,193 [main] INFO  com.netflix.discovery.DiscoveryClient -  - Application is null : false
2020-11-23 03:48:53,193 [main] INFO  com.netflix.discovery.DiscoveryClient -  - Registered Applications size is zero : true
2020-11-23 03:48:53,193 [main] INFO  com.netflix.discovery.DiscoveryClient -  - Application version is -1: true
2020-11-23 03:48:53,194 [main] INFO  com.netflix.discovery.DiscoveryClient -  - Getting all instance registry info from the eureka server
2020-11-23 03:48:53,726 [main] INFO  com.netflix.discovery.DiscoveryClient -  - The response status is 200
2020-11-23 03:48:53,731 [main] INFO  com.netflix.discovery.DiscoveryClient -  - Starting heartbeat executor: renew interval is: 30
2020-11-23 03:48:53,734 [main] INFO  com.netflix.discovery.InstanceInfoReplicator -  - InstanceInfoReplicator onDemand update allowed rate per min is 4
2020-11-23 03:48:53,739 [main] INFO  com.netflix.discovery.DiscoveryClient -  - Discovery Client initialized at timestamp 1606103333738 with initial instances count: 0
2020-11-23 03:48:53,743 [main] INFO  org.springframework.cloud.netflix.eureka.serviceregistry.EurekaServiceRegistry -  - Registering application FAVOURITESERVICE with eureka with status UP
2020-11-23 03:48:53,745 [main] INFO  com.netflix.discovery.DiscoveryClient -  - Saw local status change event StatusChangeEvent [timestamp=1606103333745, current=UP, previous=STARTING]
2020-11-23 03:48:53,747 [DiscoveryClient-InstanceInfoReplicator-0] INFO  com.netflix.discovery.DiscoveryClient -  - DiscoveryClient_FAVOURITESERVICE/ip-172-31-32-40.ap-south-1.compute.internal:favouriteservice:8083: registering service...
2020-11-23 03:48:53,797 [main] INFO  org.springframework.cloud.netflix.eureka.serviceregistry.EurekaAutoServiceRegistration -  - Updating port to 8083
2020-11-23 03:48:53,802 [main] INFO  org.springframework.data.repository.config.DeferredRepositoryInitializationListener -  - Triggering deferred initialization of Spring Data repositories…
2020-11-23 03:48:54,047 [DiscoveryClient-InstanceInfoReplicator-0] INFO  com.netflix.discovery.DiscoveryClient -  - DiscoveryClient_FAVOURITESERVICE/ip-172-31-32-40.ap-south-1.compute.internal:favouriteservice:8083 - registration status: 204
2020-11-23 03:48:54,084 [main] INFO  org.springframework.data.repository.config.DeferredRepositoryInitializationListener -  - Spring Data repositories initialized!
2020-11-23 03:48:54,100 [main] INFO  com.stackroute.favouriteservice.FavouritesMainClass -  - Started FavouritesMainClass in 6.987 seconds (JVM running for 7.906)
2020-11-23 03:49:23,731 [DiscoveryClient-CacheRefreshExecutor-0] INFO  com.netflix.discovery.DiscoveryClient -  - Disable delta property : false
2020-11-23 03:49:23,732 [DiscoveryClient-CacheRefreshExecutor-0] INFO  com.netflix.discovery.DiscoveryClient -  - Single vip registry refresh property : null
2020-11-23 03:49:23,732 [DiscoveryClient-CacheRefreshExecutor-0] INFO  com.netflix.discovery.DiscoveryClient -  - Force full registry fetch : false
2020-11-23 03:49:23,732 [DiscoveryClient-CacheRefreshExecutor-0] INFO  com.netflix.discovery.DiscoveryClient -  - Application is null : false
2020-11-23 03:49:23,734 [DiscoveryClient-CacheRefreshExecutor-0] INFO  com.netflix.discovery.DiscoveryClient -  - Registered Applications size is zero : true
2020-11-23 03:49:23,734 [DiscoveryClient-CacheRefreshExecutor-0] INFO  com.netflix.discovery.DiscoveryClient -  - Application version is -1: false
2020-11-23 03:49:23,735 [DiscoveryClient-CacheRefreshExecutor-0] INFO  com.netflix.discovery.DiscoveryClient -  - Getting all instance registry info from the eureka server
2020-11-23 03:49:23,774 [DiscoveryClient-CacheRefreshExecutor-0] INFO  com.netflix.discovery.DiscoveryClient -  - The response status is 200
2020-11-23 03:51:05,168 [http-nio-8083-exec-1] INFO  org.apache.catalina.core.ContainerBase.[Tomcat].[localhost].[/] -  - Initializing Spring DispatcherServlet 'dispatcherServlet'
2020-11-23 03:51:05,194 [http-nio-8083-exec-1] INFO  org.springframework.web.servlet.DispatcherServlet -  - Initializing Servlet 'dispatcherServlet'
2020-11-23 03:51:05,227 [http-nio-8083-exec-1] INFO  org.springframework.web.servlet.DispatcherServlet -  - Completed initialization in 33 ms
2020-11-23 03:51:05,349 [http-nio-8083-exec-2] INFO  com.stackroute.favouriteservice.controller.FavouritesController -  - Inside the getUserFavs method
2020-11-23 03:51:05,842 [http-nio-8083-exec-2] INFO  org.mongodb.driver.connection -  - Opened connection [connectionId{localValue:2, serverValue:9}] to localhost:27017
2020-11-23 03:51:05,873 [http-nio-8083-exec-2] INFO  com.stackroute.favouriteservice.controller.FavouritesController -  - The favourites have been fetched by email
2020-11-23 03:51:21,174 [http-nio-8083-exec-3] INFO  com.stackroute.favouriteservice.controller.FavouritesController -  - Inside the addTofavourites method
2020-11-23 03:51:21,314 [http-nio-8083-exec-3] INFO  com.stackroute.favouriteservice.controller.FavouritesController -  - The favourite has been added
2020-11-23 03:51:22,847 [http-nio-8083-exec-4] INFO  com.stackroute.favouriteservice.controller.FavouritesController -  - Inside the addTofavourites method
2020-11-23 03:51:22,855 [http-nio-8083-exec-4] INFO  com.stackroute.favouriteservice.controller.FavouritesController -  - The favourite has been added
2020-11-23 03:51:24,237 [http-nio-8083-exec-5] INFO  com.stackroute.favouriteservice.controller.FavouritesController -  - Inside the addTofavourites method
2020-11-23 03:51:24,248 [http-nio-8083-exec-5] INFO  com.stackroute.favouriteservice.controller.FavouritesController -  - The favourite has been added
2020-11-23 03:51:25,755 [http-nio-8083-exec-6] INFO  com.stackroute.favouriteservice.controller.FavouritesController -  - Inside the addTofavourites method
2020-11-23 03:51:25,762 [http-nio-8083-exec-6] INFO  com.stackroute.favouriteservice.controller.FavouritesController -  - The favourite has been added
2020-11-23 03:51:31,271 [http-nio-8083-exec-7] INFO  com.stackroute.favouriteservice.controller.FavouritesController -  - Inside the addTofavourites method
2020-11-23 03:51:31,279 [http-nio-8083-exec-7] INFO  com.stackroute.favouriteservice.controller.FavouritesController -  - The favourite has been added
2020-11-23 03:51:32,681 [http-nio-8083-exec-8] INFO  com.stackroute.favouriteservice.controller.FavouritesController -  - Inside the addTofavourites method
2020-11-23 03:51:32,690 [http-nio-8083-exec-8] INFO  com.stackroute.favouriteservice.controller.FavouritesController -  - The favourite has been added
2020-11-23 03:51:38,783 [http-nio-8083-exec-9] INFO  com.stackroute.favouriteservice.controller.FavouritesController -  - Inside the getUserFavs method
2020-11-23 03:51:38,808 [http-nio-8083-exec-9] INFO  com.stackroute.favouriteservice.controller.FavouritesController -  - The favourites have been fetched by email
2020-11-23 03:53:41,708 [http-nio-8083-exec-1] INFO  com.stackroute.favouriteservice.controller.FavouritesController -  - Inside the getUserFavs method
2020-11-23 03:53:41,727 [http-nio-8083-exec-1] INFO  com.stackroute.favouriteservice.controller.FavouritesController -  - The favourites have been fetched by email
2020-11-23 03:53:53,196 [AsyncResolver-bootstrap-executor-0] INFO  com.netflix.discovery.shared.resolver.aws.ConfigClusterResolver -  - Resolving eureka endpoints via configuration
2020-11-23 03:58:53,196 [AsyncResolver-bootstrap-executor-0] INFO  com.netflix.discovery.shared.resolver.aws.ConfigClusterResolver -  - Resolving eureka endpoints via configuration
2020-11-23 04:03:53,197 [AsyncResolver-bootstrap-executor-0] INFO  com.netflix.discovery.shared.resolver.aws.ConfigClusterResolver -  - Resolving eureka endpoints via configuration
2020-11-23 04:08:53,198 [AsyncResolver-bootstrap-executor-0] INFO  com.netflix.discovery.shared.resolver.aws.ConfigClusterResolver -  - Resolving eureka endpoints via configuration
2020-11-23 04:13:53,199 [AsyncResolver-bootstrap-executor-0] INFO  com.netflix.discovery.shared.resolver.aws.ConfigClusterResolver -  - Resolving eureka endpoints via configuration
2020-11-23 04:18:53,199 [AsyncResolver-bootstrap-executor-0] INFO  com.netflix.discovery.shared.resolver.aws.ConfigClusterResolver -  - Resolving eureka endpoints via configuration
2020-11-23 04:23:53,200 [AsyncResolver-bootstrap-executor-0] INFO  com.netflix.discovery.shared.resolver.aws.ConfigClusterResolver -  - Resolving eureka endpoints via configuration
2020-11-23 04:28:53,201 [AsyncResolver-bootstrap-executor-0] INFO  com.netflix.discovery.shared.resolver.aws.ConfigClusterResolver -  - Resolving eureka endpoints via configuration
2020-11-23 04:33:53,202 [AsyncResolver-bootstrap-executor-0] INFO  com.netflix.discovery.shared.resolver.aws.ConfigClusterResolver -  - Resolving eureka endpoints via configuration
2020-11-23 04:36:45,525 [http-nio-8083-exec-4] INFO  com.stackroute.favouriteservice.controller.FavouritesController -  - Inside the getUserFavs method
2020-11-23 04:36:45,530 [http-nio-8083-exec-4] INFO  com.stackroute.favouriteservice.controller.FavouritesController -  - The favourites have been fetched by email
2020-11-23 04:38:48,481 [http-nio-8083-exec-6] INFO  com.stackroute.favouriteservice.controller.FavouritesController -  - Inside the addTofavourites method
2020-11-23 04:38:48,494 [http-nio-8083-exec-6] INFO  com.stackroute.favouriteservice.controller.FavouritesController -  - The favourite has been added
2020-11-23 04:38:53,202 [AsyncResolver-bootstrap-executor-0] INFO  com.netflix.discovery.shared.resolver.aws.ConfigClusterResolver -  - Resolving eureka endpoints via configuration
2020-11-23 04:38:54,288 [http-nio-8083-exec-7] INFO  com.stackroute.favouriteservice.controller.FavouritesController -  - Inside the getUserFavs method
2020-11-23 04:38:54,293 [http-nio-8083-exec-7] INFO  com.stackroute.favouriteservice.controller.FavouritesController -  - The favourites have been fetched by email
2020-11-23 04:39:12,989 [http-nio-8083-exec-9] INFO  com.stackroute.favouriteservice.controller.FavouritesController -  - Inside the delete favourite try block
2020-11-23 04:39:13,016 [http-nio-8083-exec-9] INFO  com.stackroute.favouriteservice.controller.FavouritesController -  - The favourite has been deleted
2020-11-23 04:39:13,024 [http-nio-8083-exec-10] INFO  com.stackroute.favouriteservice.controller.FavouritesController -  - Inside the getUserFavs method
2020-11-23 04:39:13,027 [http-nio-8083-exec-10] INFO  com.stackroute.favouriteservice.controller.FavouritesController -  - The favourites have been fetched by email
2020-11-23 04:43:53,203 [AsyncResolver-bootstrap-executor-0] INFO  com.netflix.discovery.shared.resolver.aws.ConfigClusterResolver -  - Resolving eureka endpoints via configuration
2020-11-23 04:48:53,203 [AsyncResolver-bootstrap-executor-0] INFO  com.netflix.discovery.shared.resolver.aws.ConfigClusterResolver -  - Resolving eureka endpoints via configuration
2020-11-23 04:53:53,204 [AsyncResolver-bootstrap-executor-0] INFO  com.netflix.discovery.shared.resolver.aws.ConfigClusterResolver -  - Resolving eureka endpoints via configuration
2020-11-23 04:58:53,205 [AsyncResolver-bootstrap-executor-0] INFO  com.netflix.discovery.shared.resolver.aws.ConfigClusterResolver -  - Resolving eureka endpoints via configuration
2020-11-23 05:03:53,206 [AsyncResolver-bootstrap-executor-0] INFO  com.netflix.discovery.shared.resolver.aws.ConfigClusterResolver -  - Resolving eureka endpoints via configuration
2020-11-23 05:08:53,207 [AsyncResolver-bootstrap-executor-0] INFO  com.netflix.discovery.shared.resolver.aws.ConfigClusterResolver -  - Resolving eureka endpoints via configuration
2020-11-23 05:13:53,207 [AsyncResolver-bootstrap-executor-0] INFO  com.netflix.discovery.shared.resolver.aws.ConfigClusterResolver -  - Resolving eureka endpoints via configuration
2020-11-23 05:18:53,208 [AsyncResolver-bootstrap-executor-0] INFO  com.netflix.discovery.shared.resolver.aws.ConfigClusterResolver -  - Resolving eureka endpoints via configuration
2020-11-23 05:23:53,208 [AsyncResolver-bootstrap-executor-0] INFO  com.netflix.discovery.shared.resolver.aws.ConfigClusterResolver -  - Resolving eureka endpoints via configuration
2020-11-23 05:28:53,209 [AsyncResolver-bootstrap-executor-0] INFO  com.netflix.discovery.shared.resolver.aws.ConfigClusterResolver -  - Resolving eureka endpoints via configuration
2020-11-23 05:30:38,417 [http-nio-8083-exec-3] INFO  com.stackroute.favouriteservice.controller.FavouritesController -  - Inside the getUserFavs method
2020-11-23 05:30:38,421 [http-nio-8083-exec-3] INFO  com.stackroute.favouriteservice.controller.FavouritesController -  - The favourites have been fetched by email
2020-11-23 05:30:51,947 [http-nio-8083-exec-4] INFO  com.stackroute.favouriteservice.controller.FavouritesController -  - Inside the getUserFavs method
2020-11-23 05:30:51,954 [http-nio-8083-exec-4] INFO  com.stackroute.favouriteservice.controller.FavouritesController -  - The favourites have been fetched by email
2020-11-23 05:30:59,237 [http-nio-8083-exec-6] INFO  com.stackroute.favouriteservice.controller.FavouritesController -  - Inside the delete favourite try block
2020-11-23 05:30:59,240 [http-nio-8083-exec-6] INFO  com.stackroute.favouriteservice.controller.FavouritesController -  - The favourite has been deleted
2020-11-23 05:30:59,245 [http-nio-8083-exec-7] INFO  com.stackroute.favouriteservice.controller.FavouritesController -  - Inside the getUserFavs method
2020-11-23 05:30:59,248 [http-nio-8083-exec-7] INFO  com.stackroute.favouriteservice.controller.FavouritesController -  - The favourites have been fetched by email
2020-11-23 05:31:05,174 [http-nio-8083-exec-8] INFO  com.stackroute.favouriteservice.controller.FavouritesController -  - Inside the getUserFavs method
2020-11-23 05:31:05,184 [http-nio-8083-exec-8] INFO  com.stackroute.favouriteservice.controller.FavouritesController -  - The favourites have been fetched by email
2020-11-23 05:33:53,210 [AsyncResolver-bootstrap-executor-0] INFO  com.netflix.discovery.shared.resolver.aws.ConfigClusterResolver -  - Resolving eureka endpoints via configuration
2020-11-23 05:38:53,210 [AsyncResolver-bootstrap-executor-0] INFO  com.netflix.discovery.shared.resolver.aws.ConfigClusterResolver -  - Resolving eureka endpoints via configuration
2020-11-23 05:43:53,211 [AsyncResolver-bootstrap-executor-0] INFO  com.netflix.discovery.shared.resolver.aws.ConfigClusterResolver -  - Resolving eureka endpoints via configuration
2020-11-23 05:48:53,211 [AsyncResolver-bootstrap-executor-0] INFO  com.netflix.discovery.shared.resolver.aws.ConfigClusterResolver -  - Resolving eureka endpoints via configuration
2020-11-23 05:53:53,212 [AsyncResolver-bootstrap-executor-0] INFO  com.netflix.discovery.shared.resolver.aws.ConfigClusterResolver -  - Resolving eureka endpoints via configuration
2020-11-23 05:58:53,212 [AsyncResolver-bootstrap-executor-0] INFO  com.netflix.discovery.shared.resolver.aws.ConfigClusterResolver -  - Resolving eureka endpoints via configuration
2020-11-23 06:03:53,213 [AsyncResolver-bootstrap-executor-0] INFO  com.netflix.discovery.shared.resolver.aws.ConfigClusterResolver -  - Resolving eureka endpoints via configuration
2020-11-23 06:08:53,214 [AsyncResolver-bootstrap-executor-0] INFO  com.netflix.discovery.shared.resolver.aws.ConfigClusterResolver -  - Resolving eureka endpoints via configuration
2020-11-23 06:13:53,215 [AsyncResolver-bootstrap-executor-0] INFO  com.netflix.discovery.shared.resolver.aws.ConfigClusterResolver -  - Resolving eureka endpoints via configuration
2020-11-23 06:18:53,215 [AsyncResolver-bootstrap-executor-0] INFO  com.netflix.discovery.shared.resolver.aws.ConfigClusterResolver -  - Resolving eureka endpoints via configuration
2020-11-23 06:23:53,216 [AsyncResolver-bootstrap-executor-0] INFO  com.netflix.discovery.shared.resolver.aws.ConfigClusterResolver -  - Resolving eureka endpoints via configuration
2020-11-23 06:25:25,192 [http-nio-8083-exec-1] INFO  com.stackroute.favouriteservice.controller.FavouritesController -  - Inside the getUserFavs method
2020-11-23 06:25:25,198 [http-nio-8083-exec-1] INFO  com.stackroute.favouriteservice.controller.FavouritesController -  - The favourites have been fetched by email
2020-11-23 06:27:06,166 [http-nio-8083-exec-3] INFO  com.stackroute.favouriteservice.controller.FavouritesController -  - Inside the getUserFavs method
2020-11-23 06:27:06,180 [http-nio-8083-exec-3] INFO  com.stackroute.favouriteservice.controller.FavouritesController -  - The favourites have been fetched by email
2020-11-23 06:28:53,217 [AsyncResolver-bootstrap-executor-0] INFO  com.netflix.discovery.shared.resolver.aws.ConfigClusterResolver -  - Resolving eureka endpoints via configuration
2020-11-23 06:33:53,217 [AsyncResolver-bootstrap-executor-0] INFO  com.netflix.discovery.shared.resolver.aws.ConfigClusterResolver -  - Resolving eureka endpoints via configuration
2020-11-23 06:38:53,218 [AsyncResolver-bootstrap-executor-0] INFO  com.netflix.discovery.shared.resolver.aws.ConfigClusterResolver -  - Resolving eureka endpoints via configuration
2020-11-23 06:43:53,218 [AsyncResolver-bootstrap-executor-0] INFO  com.netflix.discovery.shared.resolver.aws.ConfigClusterResolver -  - Resolving eureka endpoints via configuration
2020-11-23 06:48:53,219 [AsyncResolver-bootstrap-executor-0] INFO  com.netflix.discovery.shared.resolver.aws.ConfigClusterResolver -  - Resolving eureka endpoints via configuration
2020-11-23 06:53:53,219 [AsyncResolver-bootstrap-executor-0] INFO  com.netflix.discovery.shared.resolver.aws.ConfigClusterResolver -  - Resolving eureka endpoints via configuration
2020-11-23 06:58:53,220 [AsyncResolver-bootstrap-executor-0] INFO  com.netflix.discovery.shared.resolver.aws.ConfigClusterResolver -  - Resolving eureka endpoints via configuration
2020-11-23 07:03:53,220 [AsyncResolver-bootstrap-executor-0] INFO  com.netflix.discovery.shared.resolver.aws.ConfigClusterResolver -  - Resolving eureka endpoints via configuration
2020-11-23 07:08:53,221 [AsyncResolver-bootstrap-executor-0] INFO  com.netflix.discovery.shared.resolver.aws.ConfigClusterResolver -  - Resolving eureka endpoints via configuration
2020-11-23 07:13:53,222 [AsyncResolver-bootstrap-executor-0] INFO  com.netflix.discovery.shared.resolver.aws.ConfigClusterResolver -  - Resolving eureka endpoints via configuration
2020-11-23 07:18:53,222 [AsyncResolver-bootstrap-executor-0] INFO  com.netflix.discovery.shared.resolver.aws.ConfigClusterResolver -  - Resolving eureka endpoints via configuration
2020-11-23 07:23:09,853 [SpringContextShutdownHook] INFO  org.springframework.cloud.netflix.eureka.serviceregistry.EurekaServiceRegistry -  - Unregistering application FAVOURITESERVICE with eureka with status DOWN
2020-11-23 07:23:09,854 [SpringContextShutdownHook] ERROR com.netflix.discovery.DiscoveryClient -  - Saw local status change event StatusChangeEvent [timestamp=1606116189854, current=DOWN, previous=UP]
2020-11-23 07:23:09,854 [DiscoveryClient-InstanceInfoReplicator-0] INFO  com.netflix.discovery.DiscoveryClient -  - DiscoveryClient_FAVOURITESERVICE/ip-172-31-32-40.ap-south-1.compute.internal:favouriteservice:8083: registering service...
2020-11-23 07:23:09,871 [DiscoveryClient-InstanceInfoReplicator-0] INFO  com.netflix.discovery.DiscoveryClient -  - DiscoveryClient_FAVOURITESERVICE/ip-172-31-32-40.ap-south-1.compute.internal:favouriteservice:8083 - registration status: 204
2020-11-23 07:23:10,032 [SpringContextShutdownHook] INFO  org.mongodb.driver.connection -  - Closed connection [connectionId{localValue:2, serverValue:9}] to localhost:27017 because the pool has been closed.
2020-11-23 07:23:10,081 [SpringContextShutdownHook] INFO  org.springframework.orm.jpa.LocalContainerEntityManagerFactoryBean -  - Closing JPA EntityManagerFactory for persistence unit 'default'
2020-11-23 07:23:10,105 [SpringContextShutdownHook] INFO  org.springframework.scheduling.concurrent.ThreadPoolTaskExecutor -  - Shutting down ExecutorService 'applicationTaskExecutor'
2020-11-23 07:23:10,106 [SpringContextShutdownHook] INFO  com.zaxxer.hikari.HikariDataSource -  - HikariPool-1 - Shutdown initiated...
2020-11-23 07:23:10,160 [SpringContextShutdownHook] INFO  com.zaxxer.hikari.HikariDataSource -  - HikariPool-1 - Shutdown completed.
2020-11-23 07:23:10,161 [SpringContextShutdownHook] INFO  com.netflix.discovery.DiscoveryClient -  - Shutting down DiscoveryClient ...
2020-11-23 07:23:13,163 [SpringContextShutdownHook] INFO  com.netflix.discovery.DiscoveryClient -  - Unregistering ...
2020-11-23 07:23:13,168 [SpringContextShutdownHook] INFO  com.netflix.discovery.shared.transport.decorator.RedirectingEurekaHttpClient -  - Request execution error. endpoint=DefaultEndpoint{ serviceUrl='http://localhost:8007/eureka/} exception=java.net.ConnectException: Connection refused (Connection refused) stacktrace=com.sun.jersey.api.client.ClientHandlerException: java.net.ConnectException: Connection refused (Connection refused)
	at com.sun.jersey.client.apache4.ApacheHttpClient4Handler.handle(ApacheHttpClient4Handler.java:187)
	at com.sun.jersey.api.client.filter.GZIPContentEncodingFilter.handle(GZIPContentEncodingFilter.java:123)
	at com.netflix.discovery.EurekaIdentityHeaderFilter.handle(EurekaIdentityHeaderFilter.java:27)
	at com.sun.jersey.api.client.Client.handle(Client.java:652)
	at com.sun.jersey.api.client.WebResource.handle(WebResource.java:682)
	at com.sun.jersey.api.client.WebResource.access$200(WebResource.java:74)
	at com.sun.jersey.api.client.WebResource$Builder.delete(WebResource.java:591)
	at com.netflix.discovery.shared.transport.jersey.AbstractJerseyEurekaHttpClient.cancel(AbstractJerseyEurekaHttpClient.java:77)
	at com.netflix.discovery.shared.transport.decorator.EurekaHttpClientDecorator$2.execute(EurekaHttpClientDecorator.java:74)
	at com.netflix.discovery.shared.transport.decorator.MetricsCollectingEurekaHttpClient.execute(MetricsCollectingEurekaHttpClient.java:73)
	at com.netflix.discovery.shared.transport.decorator.EurekaHttpClientDecorator.cancel(EurekaHttpClientDecorator.java:71)
	at com.netflix.discovery.shared.transport.decorator.EurekaHttpClientDecorator$2.execute(EurekaHttpClientDecorator.java:74)
	at com.netflix.discovery.shared.transport.decorator.RedirectingEurekaHttpClient.execute(RedirectingEurekaHttpClient.java:91)
	at com.netflix.discovery.shared.transport.decorator.EurekaHttpClientDecorator.cancel(EurekaHttpClientDecorator.java:71)
	at com.netflix.discovery.shared.transport.decorator.EurekaHttpClientDecorator$2.execute(EurekaHttpClientDecorator.java:74)
	at com.netflix.discovery.shared.transport.decorator.RetryableEurekaHttpClient.execute(RetryableEurekaHttpClient.java:120)
	at com.netflix.discovery.shared.transport.decorator.EurekaHttpClientDecorator.cancel(EurekaHttpClientDecorator.java:71)
	at com.netflix.discovery.shared.transport.decorator.EurekaHttpClientDecorator$2.execute(EurekaHttpClientDecorator.java:74)
	at com.netflix.discovery.shared.transport.decorator.SessionedEurekaHttpClient.execute(SessionedEurekaHttpClient.java:77)
	at com.netflix.discovery.shared.transport.decorator.EurekaHttpClientDecorator.cancel(EurekaHttpClientDecorator.java:71)
	at com.netflix.discovery.DiscoveryClient.unregister(DiscoveryClient.java:972)
	at com.netflix.discovery.DiscoveryClient.shutdown(DiscoveryClient.java:948)
	at java.base/jdk.internal.reflect.NativeMethodAccessorImpl.invoke0(Native Method)
	at java.base/jdk.internal.reflect.NativeMethodAccessorImpl.invoke(NativeMethodAccessorImpl.java:62)
	at java.base/jdk.internal.reflect.DelegatingMethodAccessorImpl.invoke(DelegatingMethodAccessorImpl.java:43)
	at java.base/java.lang.reflect.Method.invoke(Method.java:566)
	at org.springframework.beans.factory.annotation.InitDestroyAnnotationBeanPostProcessor$LifecycleElement.invoke(InitDestroyAnnotationBeanPostProcessor.java:389)
	at org.springframework.beans.factory.annotation.InitDestroyAnnotationBeanPostProcessor$LifecycleMetadata.invokeDestroyMethods(InitDestroyAnnotationBeanPostProcessor.java:347)
	at org.springframework.beans.factory.annotation.InitDestroyAnnotationBeanPostProcessor.postProcessBeforeDestruction(InitDestroyAnnotationBeanPostProcessor.java:177)
	at org.springframework.beans.factory.support.DisposableBeanAdapter.destroy(DisposableBeanAdapter.java:242)
	at org.springframework.beans.factory.support.DisposableBeanAdapter.run(DisposableBeanAdapter.java:235)
	at org.springframework.cloud.context.scope.GenericScope$BeanLifecycleWrapper.destroy(GenericScope.java:403)
	at org.springframework.cloud.context.scope.GenericScope.destroy(GenericScope.java:142)
	at org.springframework.beans.factory.support.DisposableBeanAdapter.destroy(DisposableBeanAdapter.java:258)
	at org.springframework.beans.factory.support.DefaultSingletonBeanRegistry.destroyBean(DefaultSingletonBeanRegistry.java:587)
	at org.springframework.beans.factory.support.DefaultSingletonBeanRegistry.destroySingleton(DefaultSingletonBeanRegistry.java:559)
	at org.springframework.beans.factory.support.DefaultListableBeanFactory.destroySingleton(DefaultListableBeanFactory.java:1092)
	at org.springframework.beans.factory.support.DefaultSingletonBeanRegistry.destroySingletons(DefaultSingletonBeanRegistry.java:520)
	at org.springframework.beans.factory.support.DefaultListableBeanFactory.destroySingletons(DefaultListableBeanFactory.java:1085)
	at org.springframework.context.support.AbstractApplicationContext.destroyBeans(AbstractApplicationContext.java:1061)
	at org.springframework.context.support.AbstractApplicationContext.doClose(AbstractApplicationContext.java:1030)
	at org.springframework.boot.web.servlet.context.ServletWebServerApplicationContext.doClose(ServletWebServerApplicationContext.java:170)
	at org.springframework.context.support.AbstractApplicationContext$1.run(AbstractApplicationContext.java:949)
Caused by: java.net.ConnectException: Connection refused (Connection refused)
	at java.base/java.net.PlainSocketImpl.socketConnect(Native Method)
	at java.base/java.net.AbstractPlainSocketImpl.doConnect(AbstractPlainSocketImpl.java:399)
	at java.base/java.net.AbstractPlainSocketImpl.connectToAddress(AbstractPlainSocketImpl.java:242)
	at java.base/java.net.AbstractPlainSocketImpl.connect(AbstractPlainSocketImpl.java:224)
	at java.base/java.net.SocksSocketImpl.connect(SocksSocketImpl.java:403)
	at java.base/java.net.Socket.connect(Socket.java:609)
	at org.apache.http.conn.scheme.PlainSocketFactory.connectSocket(PlainSocketFactory.java:121)
	at org.apache.http.impl.conn.DefaultClientConnectionOperator.openConnection(DefaultClientConnectionOperator.java:180)
	at org.apache.http.impl.conn.AbstractPoolEntry.open(AbstractPoolEntry.java:144)
	at org.apache.http.impl.conn.AbstractPooledConnAdapter.open(AbstractPooledConnAdapter.java:134)
	at org.apache.http.impl.client.DefaultRequestDirector.tryConnect(DefaultRequestDirector.java:605)
	at org.apache.http.impl.client.DefaultRequestDirector.execute(DefaultRequestDirector.java:440)
	at org.apache.http.impl.client.AbstractHttpClient.doExecute(AbstractHttpClient.java:835)
	at org.apache.http.impl.client.CloseableHttpClient.execute(CloseableHttpClient.java:118)
	at org.apache.http.impl.client.CloseableHttpClient.execute(CloseableHttpClient.java:56)
	at com.sun.jersey.client.apache4.ApacheHttpClient4Handler.handle(ApacheHttpClient4Handler.java:173)
	... 42 more

2020-11-23 07:23:13,168 [SpringContextShutdownHook] WARN  com.netflix.discovery.shared.transport.decorator.RetryableEurekaHttpClient -  - Request execution failed with message: java.net.ConnectException: Connection refused (Connection refused)
2020-11-23 07:23:13,170 [SpringContextShutdownHook] INFO  com.netflix.discovery.shared.transport.decorator.RedirectingEurekaHttpClient -  - Request execution error. endpoint=DefaultEndpoint{ serviceUrl='http://localhost:8007/eureka/}, exception=java.net.ConnectException: Connection refused (Connection refused) stacktrace=com.sun.jersey.api.client.ClientHandlerException: java.net.ConnectException: Connection refused (Connection refused)
	at com.sun.jersey.client.apache4.ApacheHttpClient4Handler.handle(ApacheHttpClient4Handler.java:187)
	at com.sun.jersey.api.client.filter.GZIPContentEncodingFilter.handle(GZIPContentEncodingFilter.java:123)
	at com.netflix.discovery.EurekaIdentityHeaderFilter.handle(EurekaIdentityHeaderFilter.java:27)
	at com.sun.jersey.api.client.Client.handle(Client.java:652)
	at com.sun.jersey.api.client.WebResource.handle(WebResource.java:682)
	at com.sun.jersey.api.client.WebResource.access$200(WebResource.java:74)
	at com.sun.jersey.api.client.WebResource$Builder.delete(WebResource.java:591)
	at com.netflix.discovery.shared.transport.jersey.AbstractJerseyEurekaHttpClient.cancel(AbstractJerseyEurekaHttpClient.java:77)
	at com.netflix.discovery.shared.transport.decorator.EurekaHttpClientDecorator$2.execute(EurekaHttpClientDecorator.java:74)
	at com.netflix.discovery.shared.transport.decorator.MetricsCollectingEurekaHttpClient.execute(MetricsCollectingEurekaHttpClient.java:73)
	at com.netflix.discovery.shared.transport.decorator.EurekaHttpClientDecorator.cancel(EurekaHttpClientDecorator.java:71)
	at com.netflix.discovery.shared.transport.decorator.EurekaHttpClientDecorator$2.execute(EurekaHttpClientDecorator.java:74)
	at com.netflix.discovery.shared.transport.decorator.RedirectingEurekaHttpClient.executeOnNewServer(RedirectingEurekaHttpClient.java:121)
	at com.netflix.discovery.shared.transport.decorator.RedirectingEurekaHttpClient.execute(RedirectingEurekaHttpClient.java:80)
	at com.netflix.discovery.shared.transport.decorator.EurekaHttpClientDecorator.cancel(EurekaHttpClientDecorator.java:71)
	at com.netflix.discovery.shared.transport.decorator.EurekaHttpClientDecorator$2.execute(EurekaHttpClientDecorator.java:74)
	at com.netflix.discovery.shared.transport.decorator.RetryableEurekaHttpClient.execute(RetryableEurekaHttpClient.java:120)
	at com.netflix.discovery.shared.transport.decorator.EurekaHttpClientDecorator.cancel(EurekaHttpClientDecorator.java:71)
	at com.netflix.discovery.shared.transport.decorator.EurekaHttpClientDecorator$2.execute(EurekaHttpClientDecorator.java:74)
	at com.netflix.discovery.shared.transport.decorator.SessionedEurekaHttpClient.execute(SessionedEurekaHttpClient.java:77)
	at com.netflix.discovery.shared.transport.decorator.EurekaHttpClientDecorator.cancel(EurekaHttpClientDecorator.java:71)
	at com.netflix.discovery.DiscoveryClient.unregister(DiscoveryClient.java:972)
	at com.netflix.discovery.DiscoveryClient.shutdown(DiscoveryClient.java:948)
	at java.base/jdk.internal.reflect.NativeMethodAccessorImpl.invoke0(Native Method)
	at java.base/jdk.internal.reflect.NativeMethodAccessorImpl.invoke(NativeMethodAccessorImpl.java:62)
	at java.base/jdk.internal.reflect.DelegatingMethodAccessorImpl.invoke(DelegatingMethodAccessorImpl.java:43)
	at java.base/java.lang.reflect.Method.invoke(Method.java:566)
	at org.springframework.beans.factory.annotation.InitDestroyAnnotationBeanPostProcessor$LifecycleElement.invoke(InitDestroyAnnotationBeanPostProcessor.java:389)
	at org.springframework.beans.factory.annotation.InitDestroyAnnotationBeanPostProcessor$LifecycleMetadata.invokeDestroyMethods(InitDestroyAnnotationBeanPostProcessor.java:347)
	at org.springframework.beans.factory.annotation.InitDestroyAnnotationBeanPostProcessor.postProcessBeforeDestruction(InitDestroyAnnotationBeanPostProcessor.java:177)
	at org.springframework.beans.factory.support.DisposableBeanAdapter.destroy(DisposableBeanAdapter.java:242)
	at org.springframework.beans.factory.support.DisposableBeanAdapter.run(DisposableBeanAdapter.java:235)
	at org.springframework.cloud.context.scope.GenericScope$BeanLifecycleWrapper.destroy(GenericScope.java:403)
	at org.springframework.cloud.context.scope.GenericScope.destroy(GenericScope.java:142)
	at org.springframework.beans.factory.support.DisposableBeanAdapter.destroy(DisposableBeanAdapter.java:258)
	at org.springframework.beans.factory.support.DefaultSingletonBeanRegistry.destroyBean(DefaultSingletonBeanRegistry.java:587)
	at org.springframework.beans.factory.support.DefaultSingletonBeanRegistry.destroySingleton(DefaultSingletonBeanRegistry.java:559)
	at org.springframework.beans.factory.support.DefaultListableBeanFactory.destroySingleton(DefaultListableBeanFactory.java:1092)
	at org.springframework.beans.factory.support.DefaultSingletonBeanRegistry.destroySingletons(DefaultSingletonBeanRegistry.java:520)
	at org.springframework.beans.factory.support.DefaultListableBeanFactory.destroySingletons(DefaultListableBeanFactory.java:1085)
	at org.springframework.context.support.AbstractApplicationContext.destroyBeans(AbstractApplicationContext.java:1061)
	at org.springframework.context.support.AbstractApplicationContext.doClose(AbstractApplicationContext.java:1030)
	at org.springframework.boot.web.servlet.context.ServletWebServerApplicationContext.doClose(ServletWebServerApplicationContext.java:170)
	at org.springframework.context.support.AbstractApplicationContext$1.run(AbstractApplicationContext.java:949)
Caused by: java.net.ConnectException: Connection refused (Connection refused)
	at java.base/java.net.PlainSocketImpl.socketConnect(Native Method)
	at java.base/java.net.AbstractPlainSocketImpl.doConnect(AbstractPlainSocketImpl.java:399)
	at java.base/java.net.AbstractPlainSocketImpl.connectToAddress(AbstractPlainSocketImpl.java:242)
	at java.base/java.net.AbstractPlainSocketImpl.connect(AbstractPlainSocketImpl.java:224)
	at java.base/java.net.SocksSocketImpl.connect(SocksSocketImpl.java:403)
	at java.base/java.net.Socket.connect(Socket.java:609)
	at org.apache.http.conn.scheme.PlainSocketFactory.connectSocket(PlainSocketFactory.java:121)
	at org.apache.http.impl.conn.DefaultClientConnectionOperator.openConnection(DefaultClientConnectionOperator.java:180)
	at org.apache.http.impl.conn.AbstractPoolEntry.open(AbstractPoolEntry.java:144)
	at org.apache.http.impl.conn.AbstractPooledConnAdapter.open(AbstractPooledConnAdapter.java:134)
	at org.apache.http.impl.client.DefaultRequestDirector.tryConnect(DefaultRequestDirector.java:605)
	at org.apache.http.impl.client.DefaultRequestDirector.execute(DefaultRequestDirector.java:440)
	at org.apache.http.impl.client.AbstractHttpClient.doExecute(AbstractHttpClient.java:835)
	at org.apache.http.impl.client.CloseableHttpClient.execute(CloseableHttpClient.java:118)
	at org.apache.http.impl.client.CloseableHttpClient.execute(CloseableHttpClient.java:56)
	at com.sun.jersey.client.apache4.ApacheHttpClient4Handler.handle(ApacheHttpClient4Handler.java:173)
	... 43 more

2020-11-23 07:23:13,170 [SpringContextShutdownHook] WARN  com.netflix.discovery.shared.transport.decorator.RetryableEurekaHttpClient -  - Request execution failed with message: java.net.ConnectException: Connection refused (Connection refused)
2020-11-23 07:23:13,172 [SpringContextShutdownHook] ERROR com.netflix.discovery.DiscoveryClient -  - DiscoveryClient_FAVOURITESERVICE/ip-172-31-32-40.ap-south-1.compute.internal:favouriteservice:8083 - de-registration failedCannot execute request on any known server
com.netflix.discovery.shared.transport.TransportException: Cannot execute request on any known server
	at com.netflix.discovery.shared.transport.decorator.RetryableEurekaHttpClient.execute(RetryableEurekaHttpClient.java:112)
	at com.netflix.discovery.shared.transport.decorator.EurekaHttpClientDecorator.cancel(EurekaHttpClientDecorator.java:71)
	at com.netflix.discovery.shared.transport.decorator.EurekaHttpClientDecorator$2.execute(EurekaHttpClientDecorator.java:74)
	at com.netflix.discovery.shared.transport.decorator.SessionedEurekaHttpClient.execute(SessionedEurekaHttpClient.java:77)
	at com.netflix.discovery.shared.transport.decorator.EurekaHttpClientDecorator.cancel(EurekaHttpClientDecorator.java:71)
	at com.netflix.discovery.DiscoveryClient.unregister(DiscoveryClient.java:972)
	at com.netflix.discovery.DiscoveryClient.shutdown(DiscoveryClient.java:948)
	at java.base/jdk.internal.reflect.NativeMethodAccessorImpl.invoke0(Native Method)
	at java.base/jdk.internal.reflect.NativeMethodAccessorImpl.invoke(NativeMethodAccessorImpl.java:62)
	at java.base/jdk.internal.reflect.DelegatingMethodAccessorImpl.invoke(DelegatingMethodAccessorImpl.java:43)
	at java.base/java.lang.reflect.Method.invoke(Method.java:566)
	at org.springframework.beans.factory.annotation.InitDestroyAnnotationBeanPostProcessor$LifecycleElement.invoke(InitDestroyAnnotationBeanPostProcessor.java:389)
	at org.springframework.beans.factory.annotation.InitDestroyAnnotationBeanPostProcessor$LifecycleMetadata.invokeDestroyMethods(InitDestroyAnnotationBeanPostProcessor.java:347)
	at org.springframework.beans.factory.annotation.InitDestroyAnnotationBeanPostProcessor.postProcessBeforeDestruction(InitDestroyAnnotationBeanPostProcessor.java:177)
	at org.springframework.beans.factory.support.DisposableBeanAdapter.destroy(DisposableBeanAdapter.java:242)
	at org.springframework.beans.factory.support.DisposableBeanAdapter.run(DisposableBeanAdapter.java:235)
	at org.springframework.cloud.context.scope.GenericScope$BeanLifecycleWrapper.destroy(GenericScope.java:403)
	at org.springframework.cloud.context.scope.GenericScope.destroy(GenericScope.java:142)
	at org.springframework.beans.factory.support.DisposableBeanAdapter.destroy(DisposableBeanAdapter.java:258)
	at org.springframework.beans.factory.support.DefaultSingletonBeanRegistry.destroyBean(DefaultSingletonBeanRegistry.java:587)
	at org.springframework.beans.factory.support.DefaultSingletonBeanRegistry.destroySingleton(DefaultSingletonBeanRegistry.java:559)
	at org.springframework.beans.factory.support.DefaultListableBeanFactory.destroySingleton(DefaultListableBeanFactory.java:1092)
	at org.springframework.beans.factory.support.DefaultSingletonBeanRegistry.destroySingletons(DefaultSingletonBeanRegistry.java:520)
	at org.springframework.beans.factory.support.DefaultListableBeanFactory.destroySingletons(DefaultListableBeanFactory.java:1085)
	at org.springframework.context.support.AbstractApplicationContext.destroyBeans(AbstractApplicationContext.java:1061)
	at org.springframework.context.support.AbstractApplicationContext.doClose(AbstractApplicationContext.java:1030)
	at org.springframework.boot.web.servlet.context.ServletWebServerApplicationContext.doClose(ServletWebServerApplicationContext.java:170)
	at org.springframework.context.support.AbstractApplicationContext$1.run(AbstractApplicationContext.java:949)
2020-11-23 07:23:13,186 [SpringContextShutdownHook] INFO  com.netflix.discovery.DiscoveryClient -  - Completed shut down of DiscoveryClient
