2020-11-08 18:07:09,273 [main] INFO  com.stackroute.favouriteservice.FavouritesMainClass -  - Starting FavouritesMainClass on ip-172-31-39-185 with PID 4828 (/home/ubuntu/Music/team2-bookapp/FavouritesModule/target/classes started by ubuntu in /home/ubuntu/Music/team2-bookapp/FavouritesModule)
2020-11-08 18:07:09,281 [main] INFO  com.stackroute.favouriteservice.FavouritesMainClass -  - No active profile set, falling back to default profiles: default
2020-11-08 18:07:09,898 [main] INFO  org.springframework.data.repository.config.RepositoryConfigurationDelegate -  - Multiple Spring Data modules found, entering strict repository configuration mode!
2020-11-08 18:07:09,898 [main] INFO  org.springframework.data.repository.config.RepositoryConfigurationDelegate -  - Bootstrapping Spring Data JPA repositories in DEFERRED mode.
2020-11-08 18:07:09,932 [main] INFO  org.springframework.data.repository.config.RepositoryConfigurationExtensionSupport -  - Spring Data JPA - Could not safely identify store assignment for repository candidate interface com.stackroute.favouriteservice.repository.FavouritesRepository. If you want this repository to be a JPA repository, consider annotating your entities with one of these annotations: javax.persistence.Entity, javax.persistence.MappedSuperclass (preferred), or consider extending one of the following types with your repository: org.springframework.data.jpa.repository.JpaRepository.
2020-11-08 18:07:09,955 [main] INFO  org.springframework.data.repository.config.RepositoryConfigurationDelegate -  - Finished Spring Data repository scanning in 50ms. Found 1 JPA repository interfaces.
2020-11-08 18:07:09,988 [main] INFO  org.springframework.data.repository.config.RepositoryConfigurationDelegate -  - Multiple Spring Data modules found, entering strict repository configuration mode!
2020-11-08 18:07:09,989 [main] INFO  org.springframework.data.repository.config.RepositoryConfigurationDelegate -  - Bootstrapping Spring Data MongoDB repositories in DEFAULT mode.
2020-11-08 18:07:09,995 [main] INFO  org.springframework.data.repository.config.RepositoryConfigurationExtensionSupport -  - Spring Data MongoDB - Could not safely identify store assignment for repository candidate interface com.stackroute.favouriteservice.repository.UserRepository. If you want this repository to be a MongoDB repository, consider annotating your entities with one of these annotations: org.springframework.data.mongodb.core.mapping.Document (preferred), or consider extending one of the following types with your repository: org.springframework.data.mongodb.repository.MongoRepository.
2020-11-08 18:07:10,006 [main] INFO  org.springframework.data.repository.config.RepositoryConfigurationDelegate -  - Finished Spring Data repository scanning in 16ms. Found 1 MongoDB repository interfaces.
2020-11-08 18:07:10,463 [main] INFO  org.apache.catalina.core.StandardService -  - Starting service [Tomcat]
2020-11-08 18:07:10,464 [main] INFO  org.apache.catalina.core.StandardEngine -  - Starting Servlet engine: [Apache Tomcat/9.0.39]
2020-11-08 18:07:10,537 [main] INFO  org.apache.catalina.core.ContainerBase.[Tomcat].[localhost].[/] -  - Initializing Spring embedded WebApplicationContext
2020-11-08 18:07:10,675 [main] INFO  org.springframework.scheduling.concurrent.ThreadPoolTaskExecutor -  - Initializing ExecutorService 'applicationTaskExecutor'
2020-11-08 18:07:10,720 [task-1] INFO  org.hibernate.jpa.internal.util.LogHelper -  - HHH000204: Processing PersistenceUnitInfo [name: default]
2020-11-08 18:07:10,803 [task-1] INFO  org.hibernate.Version -  - HHH000412: Hibernate ORM core version 5.4.22.Final
2020-11-08 18:07:10,828 [main] INFO  org.mongodb.driver.cluster -  - Cluster created with settings {hosts=[localhost:27017], mode=SINGLE, requiredClusterType=UNKNOWN, serverSelectionTimeout='30000 ms'}
2020-11-08 18:07:10,902 [cluster-ClusterId{value='5fa833cea0f1521f73be3441', description='null'}-localhost:27017] INFO  org.mongodb.driver.cluster -  - Exception in monitor thread while connecting to server localhost:27017
com.mongodb.MongoSocketOpenException: Exception opening socket
	at com.mongodb.internal.connection.SocketStream.open(SocketStream.java:70)
	at com.mongodb.internal.connection.InternalStreamConnection.open(InternalStreamConnection.java:127)
	at com.mongodb.internal.connection.DefaultServerMonitor$ServerMonitorRunnable.run(DefaultServerMonitor.java:117)
	at java.base/java.lang.Thread.run(Thread.java:834)
Caused by: java.net.ConnectException: Connection refused (Connection refused)
	at java.base/java.net.PlainSocketImpl.socketConnect(Native Method)
	at java.base/java.net.AbstractPlainSocketImpl.doConnect(AbstractPlainSocketImpl.java:399)
	at java.base/java.net.AbstractPlainSocketImpl.connectToAddress(AbstractPlainSocketImpl.java:242)
	at java.base/java.net.AbstractPlainSocketImpl.connect(AbstractPlainSocketImpl.java:224)
	at java.base/java.net.SocksSocketImpl.connect(SocksSocketImpl.java:403)
	at java.base/java.net.Socket.connect(Socket.java:609)
	at com.mongodb.internal.connection.SocketStreamHelper.initialize(SocketStreamHelper.java:63)
	at com.mongodb.internal.connection.SocketStream.initializeSocket(SocketStream.java:79)
	at com.mongodb.internal.connection.SocketStream.open(SocketStream.java:65)
	... 3 common frames omitted
2020-11-08 18:07:10,990 [task-1] INFO  org.hibernate.annotations.common.Version -  - HCANN000001: Hibernate Commons Annotations {5.1.0.Final}
2020-11-08 18:07:11,170 [task-1] INFO  com.zaxxer.hikari.HikariDataSource -  - HikariPool-1 - Starting...
2020-11-08 18:07:11,419 [main] WARN  org.springframework.boot.autoconfigure.orm.jpa.JpaBaseConfiguration$JpaWebConfiguration -  - spring.jpa.open-in-view is enabled by default. Therefore, database queries may be performed during view rendering. Explicitly configure spring.jpa.open-in-view to disable this warning
2020-11-08 18:07:11,454 [task-1] INFO  com.zaxxer.hikari.HikariDataSource -  - HikariPool-1 - Start completed.
2020-11-08 18:07:11,484 [task-1] INFO  org.hibernate.dialect.Dialect -  - HHH000400: Using dialect: org.hibernate.dialect.MySQL8Dialect
2020-11-08 18:07:11,912 [main] INFO  org.springframework.data.repository.config.DeferredRepositoryInitializationListener -  - Triggering deferred initialization of Spring Data repositories…
2020-11-08 18:07:12,035 [task-1] INFO  org.hibernate.engine.transaction.jta.platform.internal.JtaPlatformInitiator -  - HHH000490: Using JtaPlatform implementation: [org.hibernate.engine.transaction.jta.platform.internal.NoJtaPlatform]
2020-11-08 18:07:12,041 [task-1] INFO  org.springframework.orm.jpa.LocalContainerEntityManagerFactoryBean -  - Initialized JPA EntityManagerFactory for persistence unit 'default'
2020-11-08 18:07:12,188 [main] INFO  org.springframework.data.repository.config.DeferredRepositoryInitializationListener -  - Spring Data repositories initialized!
2020-11-08 18:07:12,199 [main] INFO  com.stackroute.favouriteservice.FavouritesMainClass -  - Started FavouritesMainClass in 3.251 seconds (JVM running for 4.057)
2020-11-08 18:07:43,560 [RMI TCP Connection(3)-127.0.0.1] INFO  org.springframework.orm.jpa.LocalContainerEntityManagerFactoryBean -  - Closing JPA EntityManagerFactory for persistence unit 'default'
2020-11-08 18:07:43,565 [RMI TCP Connection(3)-127.0.0.1] INFO  org.springframework.scheduling.concurrent.ThreadPoolTaskExecutor -  - Shutting down ExecutorService 'applicationTaskExecutor'
2020-11-08 18:07:43,567 [RMI TCP Connection(3)-127.0.0.1] INFO  com.zaxxer.hikari.HikariDataSource -  - HikariPool-1 - Shutdown initiated...
2020-11-08 18:07:43,589 [RMI TCP Connection(3)-127.0.0.1] INFO  com.zaxxer.hikari.HikariDataSource -  - HikariPool-1 - Shutdown completed.
2020-11-08 18:13:25,350 [main] INFO  com.stackroute.favouriteservice.FavouritesMainClass -  - Starting FavouritesMainClass on ip-172-31-39-185 with PID 5799 (/home/ubuntu/Music/team2-bookapp/FavouritesModule/target/classes started by ubuntu in /home/ubuntu/Music/team2-bookapp/FavouritesModule)
2020-11-08 18:13:25,353 [main] INFO  com.stackroute.favouriteservice.FavouritesMainClass -  - No active profile set, falling back to default profiles: default
2020-11-08 18:13:26,066 [main] INFO  org.springframework.data.repository.config.RepositoryConfigurationDelegate -  - Multiple Spring Data modules found, entering strict repository configuration mode!
2020-11-08 18:13:26,067 [main] INFO  org.springframework.data.repository.config.RepositoryConfigurationDelegate -  - Bootstrapping Spring Data JPA repositories in DEFERRED mode.
2020-11-08 18:13:26,121 [main] INFO  org.springframework.data.repository.config.RepositoryConfigurationExtensionSupport -  - Spring Data JPA - Could not safely identify store assignment for repository candidate interface com.stackroute.favouriteservice.repository.FavouritesRepository. If you want this repository to be a JPA repository, consider annotating your entities with one of these annotations: javax.persistence.Entity, javax.persistence.MappedSuperclass (preferred), or consider extending one of the following types with your repository: org.springframework.data.jpa.repository.JpaRepository.
2020-11-08 18:13:26,141 [main] INFO  org.springframework.data.repository.config.RepositoryConfigurationDelegate -  - Finished Spring Data repository scanning in 66ms. Found 1 JPA repository interfaces.
2020-11-08 18:13:26,164 [main] INFO  org.springframework.data.repository.config.RepositoryConfigurationDelegate -  - Multiple Spring Data modules found, entering strict repository configuration mode!
2020-11-08 18:13:26,165 [main] INFO  org.springframework.data.repository.config.RepositoryConfigurationDelegate -  - Bootstrapping Spring Data MongoDB repositories in DEFAULT mode.
2020-11-08 18:13:26,171 [main] INFO  org.springframework.data.repository.config.RepositoryConfigurationExtensionSupport -  - Spring Data MongoDB - Could not safely identify store assignment for repository candidate interface com.stackroute.favouriteservice.repository.UserRepository. If you want this repository to be a MongoDB repository, consider annotating your entities with one of these annotations: org.springframework.data.mongodb.core.mapping.Document (preferred), or consider extending one of the following types with your repository: org.springframework.data.mongodb.repository.MongoRepository.
2020-11-08 18:13:26,174 [main] INFO  org.springframework.data.repository.config.RepositoryConfigurationDelegate -  - Finished Spring Data repository scanning in 8ms. Found 1 MongoDB repository interfaces.
2020-11-08 18:13:26,571 [main] INFO  org.apache.catalina.core.StandardService -  - Starting service [Tomcat]
2020-11-08 18:13:26,572 [main] INFO  org.apache.catalina.core.StandardEngine -  - Starting Servlet engine: [Apache Tomcat/9.0.39]
2020-11-08 18:13:26,701 [main] INFO  org.apache.catalina.core.ContainerBase.[Tomcat].[localhost].[/] -  - Initializing Spring embedded WebApplicationContext
2020-11-08 18:13:26,841 [main] INFO  org.springframework.scheduling.concurrent.ThreadPoolTaskExecutor -  - Initializing ExecutorService 'applicationTaskExecutor'
2020-11-08 18:13:26,886 [task-1] INFO  org.hibernate.jpa.internal.util.LogHelper -  - HHH000204: Processing PersistenceUnitInfo [name: default]
2020-11-08 18:13:26,926 [task-1] INFO  org.hibernate.Version -  - HHH000412: Hibernate ORM core version 5.4.22.Final
2020-11-08 18:13:26,992 [main] INFO  org.mongodb.driver.cluster -  - Cluster created with settings {hosts=[localhost:27017], mode=SINGLE, requiredClusterType=UNKNOWN, serverSelectionTimeout='30000 ms'}
2020-11-08 18:13:27,040 [task-1] INFO  org.hibernate.annotations.common.Version -  - HCANN000001: Hibernate Commons Annotations {5.1.0.Final}
2020-11-08 18:13:27,107 [cluster-ClusterId{value='5fa83546fe290219d28aa320', description='null'}-localhost:27017] INFO  org.mongodb.driver.connection -  - Opened connection [connectionId{localValue:1, serverValue:23}] to localhost:27017
2020-11-08 18:13:27,135 [cluster-ClusterId{value='5fa83546fe290219d28aa320', description='null'}-localhost:27017] INFO  org.mongodb.driver.cluster -  - Monitor thread successfully connected to server with description ServerDescription{address=localhost:27017, type=STANDALONE, state=CONNECTED, ok=true, minWireVersion=0, maxWireVersion=8, maxDocumentSize=16777216, logicalSessionTimeoutMinutes=30, roundTripTimeNanos=4002632}
2020-11-08 18:13:27,211 [task-1] INFO  com.zaxxer.hikari.HikariDataSource -  - HikariPool-1 - Starting...
2020-11-08 18:13:27,427 [task-1] INFO  com.zaxxer.hikari.HikariDataSource -  - HikariPool-1 - Start completed.
2020-11-08 18:13:27,446 [task-1] INFO  org.hibernate.dialect.Dialect -  - HHH000400: Using dialect: org.hibernate.dialect.MySQL8Dialect
2020-11-08 18:13:27,503 [main] WARN  org.springframework.boot.autoconfigure.orm.jpa.JpaBaseConfiguration$JpaWebConfiguration -  - spring.jpa.open-in-view is enabled by default. Therefore, database queries may be performed during view rendering. Explicitly configure spring.jpa.open-in-view to disable this warning
2020-11-08 18:13:28,070 [main] INFO  org.springframework.data.repository.config.DeferredRepositoryInitializationListener -  - Triggering deferred initialization of Spring Data repositories…
2020-11-08 18:13:28,113 [task-1] INFO  org.hibernate.engine.transaction.jta.platform.internal.JtaPlatformInitiator -  - HHH000490: Using JtaPlatform implementation: [org.hibernate.engine.transaction.jta.platform.internal.NoJtaPlatform]
2020-11-08 18:13:28,118 [task-1] INFO  org.springframework.orm.jpa.LocalContainerEntityManagerFactoryBean -  - Initialized JPA EntityManagerFactory for persistence unit 'default'
2020-11-08 18:13:28,241 [main] INFO  org.springframework.data.repository.config.DeferredRepositoryInitializationListener -  - Spring Data repositories initialized!
2020-11-08 18:13:28,261 [main] INFO  com.stackroute.favouriteservice.FavouritesMainClass -  - Started FavouritesMainClass in 3.247 seconds (JVM running for 3.972)
2020-11-08 18:23:37,888 [RMI TCP Connection(4)-127.0.0.1] INFO  org.springframework.orm.jpa.LocalContainerEntityManagerFactoryBean -  - Closing JPA EntityManagerFactory for persistence unit 'default'
2020-11-08 18:23:37,890 [RMI TCP Connection(4)-127.0.0.1] INFO  org.springframework.scheduling.concurrent.ThreadPoolTaskExecutor -  - Shutting down ExecutorService 'applicationTaskExecutor'
2020-11-08 18:23:37,891 [RMI TCP Connection(4)-127.0.0.1] INFO  com.zaxxer.hikari.HikariDataSource -  - HikariPool-1 - Shutdown initiated...
2020-11-08 18:23:37,912 [RMI TCP Connection(4)-127.0.0.1] INFO  com.zaxxer.hikari.HikariDataSource -  - HikariPool-1 - Shutdown completed.
2020-11-08 19:12:15,165 [main] INFO  com.stackroute.favouriteservice.FavouritesMainClass -  - Starting FavouritesMainClass on ip-172-31-39-185 with PID 10561 (/home/ubuntu/Downloads/team2-bookapp/FavouritesModule/target/classes started by ubuntu in /home/ubuntu/Downloads/team2-bookapp/FavouritesModule)
2020-11-08 19:12:15,173 [main] INFO  com.stackroute.favouriteservice.FavouritesMainClass -  - No active profile set, falling back to default profiles: default
2020-11-08 19:12:15,765 [main] INFO  org.springframework.data.repository.config.RepositoryConfigurationDelegate -  - Multiple Spring Data modules found, entering strict repository configuration mode!
2020-11-08 19:12:15,766 [main] INFO  org.springframework.data.repository.config.RepositoryConfigurationDelegate -  - Bootstrapping Spring Data JPA repositories in DEFERRED mode.
2020-11-08 19:12:15,802 [main] INFO  org.springframework.data.repository.config.RepositoryConfigurationExtensionSupport -  - Spring Data JPA - Could not safely identify store assignment for repository candidate interface com.stackroute.favouriteservice.repository.FavouritesRepository. If you want this repository to be a JPA repository, consider annotating your entities with one of these annotations: javax.persistence.Entity, javax.persistence.MappedSuperclass (preferred), or consider extending one of the following types with your repository: org.springframework.data.jpa.repository.JpaRepository.
2020-11-08 19:12:15,821 [main] INFO  org.springframework.data.repository.config.RepositoryConfigurationDelegate -  - Finished Spring Data repository scanning in 48ms. Found 1 JPA repository interfaces.
2020-11-08 19:12:15,880 [main] INFO  org.springframework.data.repository.config.RepositoryConfigurationDelegate -  - Multiple Spring Data modules found, entering strict repository configuration mode!
2020-11-08 19:12:15,880 [main] INFO  org.springframework.data.repository.config.RepositoryConfigurationDelegate -  - Bootstrapping Spring Data MongoDB repositories in DEFAULT mode.
2020-11-08 19:12:15,886 [main] INFO  org.springframework.data.repository.config.RepositoryConfigurationExtensionSupport -  - Spring Data MongoDB - Could not safely identify store assignment for repository candidate interface com.stackroute.favouriteservice.repository.UserRepository. If you want this repository to be a MongoDB repository, consider annotating your entities with one of these annotations: org.springframework.data.mongodb.core.mapping.Document (preferred), or consider extending one of the following types with your repository: org.springframework.data.mongodb.repository.MongoRepository.
2020-11-08 19:12:15,889 [main] INFO  org.springframework.data.repository.config.RepositoryConfigurationDelegate -  - Finished Spring Data repository scanning in 8ms. Found 1 MongoDB repository interfaces.
2020-11-08 19:12:16,277 [main] INFO  org.apache.catalina.core.StandardService -  - Starting service [Tomcat]
2020-11-08 19:12:16,278 [main] INFO  org.apache.catalina.core.StandardEngine -  - Starting Servlet engine: [Apache Tomcat/9.0.39]
2020-11-08 19:12:16,355 [main] INFO  org.apache.catalina.core.ContainerBase.[Tomcat].[localhost].[/] -  - Initializing Spring embedded WebApplicationContext
2020-11-08 19:12:16,487 [main] INFO  org.springframework.scheduling.concurrent.ThreadPoolTaskExecutor -  - Initializing ExecutorService 'applicationTaskExecutor'
2020-11-08 19:12:16,531 [task-1] INFO  org.hibernate.jpa.internal.util.LogHelper -  - HHH000204: Processing PersistenceUnitInfo [name: default]
2020-11-08 19:12:16,575 [task-1] INFO  org.hibernate.Version -  - HHH000412: Hibernate ORM core version 5.4.22.Final
2020-11-08 19:12:16,630 [main] INFO  org.mongodb.driver.cluster -  - Cluster created with settings {hosts=[localhost:27017], mode=SINGLE, requiredClusterType=UNKNOWN, serverSelectionTimeout='30000 ms'}
2020-11-08 19:12:16,739 [task-1] INFO  org.hibernate.annotations.common.Version -  - HCANN000001: Hibernate Commons Annotations {5.1.0.Final}
2020-11-08 19:12:16,745 [cluster-ClusterId{value='5fa84310889a3f370d926be6', description='null'}-localhost:27017] INFO  org.mongodb.driver.connection -  - Opened connection [connectionId{localValue:1, serverValue:27}] to localhost:27017
2020-11-08 19:12:16,760 [cluster-ClusterId{value='5fa84310889a3f370d926be6', description='null'}-localhost:27017] INFO  org.mongodb.driver.cluster -  - Monitor thread successfully connected to server with description ServerDescription{address=localhost:27017, type=STANDALONE, state=CONNECTED, ok=true, minWireVersion=0, maxWireVersion=8, maxDocumentSize=16777216, logicalSessionTimeoutMinutes=30, roundTripTimeNanos=7876579}
2020-11-08 19:12:16,892 [task-1] INFO  com.zaxxer.hikari.HikariDataSource -  - HikariPool-1 - Starting...
2020-11-08 19:12:17,095 [task-1] INFO  com.zaxxer.hikari.HikariDataSource -  - HikariPool-1 - Start completed.
2020-11-08 19:12:17,112 [task-1] INFO  org.hibernate.dialect.Dialect -  - HHH000400: Using dialect: org.hibernate.dialect.MySQL8Dialect
2020-11-08 19:12:17,173 [main] WARN  org.springframework.boot.autoconfigure.orm.jpa.JpaBaseConfiguration$JpaWebConfiguration -  - spring.jpa.open-in-view is enabled by default. Therefore, database queries may be performed during view rendering. Explicitly configure spring.jpa.open-in-view to disable this warning
2020-11-08 19:12:17,661 [main] INFO  org.springframework.data.repository.config.DeferredRepositoryInitializationListener -  - Triggering deferred initialization of Spring Data repositories…
2020-11-08 19:12:17,747 [task-1] INFO  org.hibernate.engine.transaction.jta.platform.internal.JtaPlatformInitiator -  - HHH000490: Using JtaPlatform implementation: [org.hibernate.engine.transaction.jta.platform.internal.NoJtaPlatform]
2020-11-08 19:12:17,752 [task-1] INFO  org.springframework.orm.jpa.LocalContainerEntityManagerFactoryBean -  - Initialized JPA EntityManagerFactory for persistence unit 'default'
2020-11-08 19:12:17,869 [main] INFO  org.springframework.data.repository.config.DeferredRepositoryInitializationListener -  - Spring Data repositories initialized!
2020-11-08 19:12:17,880 [main] INFO  com.stackroute.favouriteservice.FavouritesMainClass -  - Started FavouritesMainClass in 3.06 seconds (JVM running for 3.76)
2020-11-08 19:12:49,779 [http-nio-8083-exec-1] INFO  org.apache.catalina.core.ContainerBase.[Tomcat].[localhost].[/] -  - Initializing Spring DispatcherServlet 'dispatcherServlet'
2020-11-08 19:12:49,780 [http-nio-8083-exec-1] INFO  org.springframework.web.servlet.DispatcherServlet -  - Initializing Servlet 'dispatcherServlet'
2020-11-08 19:12:49,786 [http-nio-8083-exec-1] INFO  org.springframework.web.servlet.DispatcherServlet -  - Completed initialization in 6 ms
2020-11-08 19:12:49,844 [http-nio-8083-exec-1] INFO  com.stackroute.favouriteservice.controller.FavouritesController -  - Inside the getUserFavs method
2020-11-08 19:12:49,878 [http-nio-8083-exec-1] INFO  org.mongodb.driver.connection -  - Opened connection [connectionId{localValue:2, serverValue:28}] to localhost:27017
2020-11-08 19:12:49,893 [http-nio-8083-exec-1] INFO  com.stackroute.favouriteservice.controller.FavouritesController -  - The favourites have been fetched by email
2020-11-08 19:13:25,741 [http-nio-8083-exec-3] INFO  com.stackroute.favouriteservice.controller.FavouritesController -  - Inside the addTofavourites method
2020-11-08 19:13:25,905 [http-nio-8083-exec-3] INFO  com.stackroute.favouriteservice.controller.FavouritesController -  - The favourite has been added
2020-11-08 19:13:33,390 [http-nio-8083-exec-4] INFO  com.stackroute.favouriteservice.controller.FavouritesController -  - Inside the getUserFavs method
2020-11-08 19:13:33,401 [http-nio-8083-exec-4] INFO  com.stackroute.favouriteservice.controller.FavouritesController -  - The favourites have been fetched by email
2020-11-08 19:13:42,824 [http-nio-8083-exec-6] INFO  com.stackroute.favouriteservice.controller.FavouritesController -  - Inside the delete favourite try block
2020-11-08 19:13:42,832 [http-nio-8083-exec-6] INFO  com.stackroute.favouriteservice.controller.FavouritesController -  - The favourite has been deleted
2020-11-08 19:13:42,841 [http-nio-8083-exec-7] INFO  com.stackroute.favouriteservice.controller.FavouritesController -  - Inside the getUserFavs method
2020-11-08 19:13:42,843 [http-nio-8083-exec-7] INFO  com.stackroute.favouriteservice.controller.FavouritesController -  - The favourites have been fetched by email
2020-11-08 19:58:09,389 [SpringContextShutdownHook] INFO  org.mongodb.driver.connection -  - Closed connection [connectionId{localValue:2, serverValue:28}] to localhost:27017 because the pool has been closed.
2020-11-08 19:58:09,410 [SpringContextShutdownHook] INFO  org.springframework.orm.jpa.LocalContainerEntityManagerFactoryBean -  - Closing JPA EntityManagerFactory for persistence unit 'default'
2020-11-08 19:58:09,421 [SpringContextShutdownHook] INFO  org.springframework.scheduling.concurrent.ThreadPoolTaskExecutor -  - Shutting down ExecutorService 'applicationTaskExecutor'
2020-11-08 19:58:09,423 [SpringContextShutdownHook] INFO  com.zaxxer.hikari.HikariDataSource -  - HikariPool-1 - Shutdown initiated...
2020-11-08 19:58:09,446 [SpringContextShutdownHook] INFO  com.zaxxer.hikari.HikariDataSource -  - HikariPool-1 - Shutdown completed.
